[0.009s] Invoking command in '/home/ishara/cpp_pubsub/build/cpp_pubsub': CMAKE_PREFIX_PATH=${CMAKE_PREFIX_PATH}:/home/ishara/ros2_ws/install/my_robot_controller:/opt/ros/humble /usr/bin/cmake /home/ishara/cpp_pubsub/Ros2-Humble-Pub-Sub-Cpp/cpp_pubsub -DCMAKE_INSTALL_PREFIX=/home/ishara/cpp_pubsub/install/cpp_pubsub
[0.059s] -- The C compiler identification is GNU 11.4.0
[0.119s] -- The CXX compiler identification is GNU 11.4.0
[0.133s] -- Detecting C compiler ABI info
[0.200s] -- Detecting C compiler ABI info - done
[0.218s] -- Check for working C compiler: /usr/bin/cc - skipped
[0.218s] -- Detecting C compile features
[0.219s] -- Detecting C compile features - done
[0.226s] -- Detecting CXX compiler ABI info
[0.311s] -- Detecting CXX compiler ABI info - done
[0.330s] -- Check for working CXX compiler: /usr/bin/c++ - skipped
[0.331s] -- Detecting CXX compile features
[0.332s] -- Detecting CXX compile features - done
[0.337s] -- Found ament_cmake: 1.3.10 (/opt/ros/humble/share/ament_cmake/cmake)
[0.504s] -- Found Python3: /usr/bin/python3 (found version "3.10.12") found components: Interpreter 
[0.621s] -- Found rclcpp: 16.0.10 (/opt/ros/humble/share/rclcpp/cmake)
[0.655s] -- Found rosidl_generator_c: 3.1.5 (/opt/ros/humble/share/rosidl_generator_c/cmake)
[0.660s] -- Found rosidl_adapter: 3.1.5 (/opt/ros/humble/share/rosidl_adapter/cmake)
[0.667s] -- Found rosidl_generator_cpp: 3.1.5 (/opt/ros/humble/share/rosidl_generator_cpp/cmake)
[0.677s] -- Using all available rosidl_typesupport_c: rosidl_typesupport_fastrtps_c;rosidl_typesupport_introspection_c
[0.690s] -- Using all available rosidl_typesupport_cpp: rosidl_typesupport_fastrtps_cpp;rosidl_typesupport_introspection_cpp
[0.727s] -- Found rmw_implementation_cmake: 6.1.2 (/opt/ros/humble/share/rmw_implementation_cmake/cmake)
[0.729s] -- Found rmw_fastrtps_cpp: 6.2.7 (/opt/ros/humble/share/rmw_fastrtps_cpp/cmake)
[0.827s] -- Found OpenSSL: /usr/lib/x86_64-linux-gnu/libcrypto.so (found version "3.0.2")  
[0.856s] -- Found FastRTPS: /opt/ros/humble/include  
[0.890s] -- Using RMW implementation 'rmw_fastrtps_cpp' as default
[0.897s] -- Looking for pthread.h
[0.963s] -- Looking for pthread.h - found
[0.963s] -- Performing Test CMAKE_HAVE_LIBC_PTHREAD
[1.036s] -- Performing Test CMAKE_HAVE_LIBC_PTHREAD - Success
[1.037s] -- Found Threads: TRUE  
[1.143s] -- Configuring done
[1.152s] -- Generating done
[1.153s] -- Build files have been written to: /home/ishara/cpp_pubsub/build/cpp_pubsub
[1.161s] Invoked command in '/home/ishara/cpp_pubsub/build/cpp_pubsub' returned '0': CMAKE_PREFIX_PATH=${CMAKE_PREFIX_PATH}:/home/ishara/ros2_ws/install/my_robot_controller:/opt/ros/humble /usr/bin/cmake /home/ishara/cpp_pubsub/Ros2-Humble-Pub-Sub-Cpp/cpp_pubsub -DCMAKE_INSTALL_PREFIX=/home/ishara/cpp_pubsub/install/cpp_pubsub
[1.163s] Invoking command in '/home/ishara/cpp_pubsub/build/cpp_pubsub': CMAKE_PREFIX_PATH=${CMAKE_PREFIX_PATH}:/home/ishara/ros2_ws/install/my_robot_controller:/opt/ros/humble /usr/bin/cmake --build /home/ishara/cpp_pubsub/build/cpp_pubsub -- -j6 -l6
[1.208s] [ 33%] [32mBuilding CXX object CMakeFiles/listener.dir/src/my_subscriber.cpp.o[0m
[1.208s] [ 33%] [32mBuilding CXX object CMakeFiles/listener.dir/src/sub_main.cpp.o[0m
[1.208s] [ 50%] [32mBuilding CXX object CMakeFiles/talker.dir/src/pub_main.cpp.o[0m
[1.210s] [ 66%] [32mBuilding CXX object CMakeFiles/talker.dir/src/my_publisher.cpp.o[0m
[4.987s] [ 83%] [32m[1mLinking CXX executable talker[0m
[5.170s] [ 83%] Built target talker
[7.941s] [100%] [32m[1mLinking CXX executable listener[0m
[8.322s] [100%] Built target listener
[8.331s] Invoked command in '/home/ishara/cpp_pubsub/build/cpp_pubsub' returned '0': CMAKE_PREFIX_PATH=${CMAKE_PREFIX_PATH}:/home/ishara/ros2_ws/install/my_robot_controller:/opt/ros/humble /usr/bin/cmake --build /home/ishara/cpp_pubsub/build/cpp_pubsub -- -j6 -l6
[8.373s] Invoking command in '/home/ishara/cpp_pubsub/build/cpp_pubsub': CMAKE_PREFIX_PATH=${CMAKE_PREFIX_PATH}:/home/ishara/ros2_ws/install/my_robot_controller:/opt/ros/humble /usr/bin/cmake --install /home/ishara/cpp_pubsub/build/cpp_pubsub
[8.385s] -- Install configuration: ""
[8.385s] -- Installing: /home/ishara/cpp_pubsub/install/cpp_pubsub/lib/cpp_pubsub/talker
[8.386s] -- Set runtime path of "/home/ishara/cpp_pubsub/install/cpp_pubsub/lib/cpp_pubsub/talker" to ""
[8.386s] -- Installing: /home/ishara/cpp_pubsub/install/cpp_pubsub/lib/cpp_pubsub/listener
[8.388s] -- Set runtime path of "/home/ishara/cpp_pubsub/install/cpp_pubsub/lib/cpp_pubsub/listener" to ""
[8.388s] -- Installing: /home/ishara/cpp_pubsub/install/cpp_pubsub/share/ament_index/resource_index/package_run_dependencies/cpp_pubsub
[8.389s] -- Installing: /home/ishara/cpp_pubsub/install/cpp_pubsub/share/ament_index/resource_index/parent_prefix_path/cpp_pubsub
[8.389s] -- Installing: /home/ishara/cpp_pubsub/install/cpp_pubsub/share/cpp_pubsub/environment/ament_prefix_path.sh
[8.389s] -- Installing: /home/ishara/cpp_pubsub/install/cpp_pubsub/share/cpp_pubsub/environment/ament_prefix_path.dsv
[8.389s] -- Installing: /home/ishara/cpp_pubsub/install/cpp_pubsub/share/cpp_pubsub/environment/path.sh
[8.389s] -- Installing: /home/ishara/cpp_pubsub/install/cpp_pubsub/share/cpp_pubsub/environment/path.dsv
[8.389s] -- Installing: /home/ishara/cpp_pubsub/install/cpp_pubsub/share/cpp_pubsub/local_setup.bash
[8.389s] -- Installing: /home/ishara/cpp_pubsub/install/cpp_pubsub/share/cpp_pubsub/local_setup.sh
[8.390s] -- Installing: /home/ishara/cpp_pubsub/install/cpp_pubsub/share/cpp_pubsub/local_setup.zsh
[8.390s] -- Installing: /home/ishara/cpp_pubsub/install/cpp_pubsub/share/cpp_pubsub/local_setup.dsv
[8.390s] -- Installing: /home/ishara/cpp_pubsub/install/cpp_pubsub/share/cpp_pubsub/package.dsv
[8.390s] -- Installing: /home/ishara/cpp_pubsub/install/cpp_pubsub/share/ament_index/resource_index/packages/cpp_pubsub
[8.390s] -- Installing: /home/ishara/cpp_pubsub/install/cpp_pubsub/share/cpp_pubsub/cmake/cpp_pubsubConfig.cmake
[8.390s] -- Installing: /home/ishara/cpp_pubsub/install/cpp_pubsub/share/cpp_pubsub/cmake/cpp_pubsubConfig-version.cmake
[8.390s] -- Installing: /home/ishara/cpp_pubsub/install/cpp_pubsub/share/cpp_pubsub/package.xml
[8.392s] Invoked command in '/home/ishara/cpp_pubsub/build/cpp_pubsub' returned '0': CMAKE_PREFIX_PATH=${CMAKE_PREFIX_PATH}:/home/ishara/ros2_ws/install/my_robot_controller:/opt/ros/humble /usr/bin/cmake --install /home/ishara/cpp_pubsub/build/cpp_pubsub
