[0.083s] DEBUG:colcon:Command line arguments: ['/usr/bin/colcon', 'build', '--symlink-install']
[0.083s] DEBUG:colcon:Parsed command line arguments: Namespace(log_base=None, log_level=None, verb_name='build', build_base='build', install_base='install', merge_install=False, symlink_install=True, test_result_base=None, continue_on_error=False, executor='parallel', parallel_workers=6, event_handlers=None, ignore_user_meta=False, metas=['./colcon.meta'], base_paths=['.'], packages_ignore=None, packages_ignore_regex=None, paths=None, packages_up_to=None, packages_up_to_regex=None, packages_above=None, packages_above_and_dependencies=None, packages_above_depth=None, packages_select_by_dep=None, packages_skip_by_dep=None, packages_skip_up_to=None, packages_select_build_failed=False, packages_skip_build_finished=False, packages_select_test_failures=False, packages_skip_test_passed=False, packages_select=None, packages_skip=None, packages_select_regex=None, packages_skip_regex=None, packages_start=None, packages_end=None, allow_overriding=[], cmake_args=None, cmake_target=None, cmake_target_skip_unavailable=False, cmake_clean_cache=False, cmake_clean_first=False, cmake_force_configure=False, ament_cmake_args=None, catkin_cmake_args=None, catkin_skip_building_tests=False, mixin_files=None, mixin=None, verb_parser=<colcon_mixin.mixin.mixin_argument.MixinArgumentDecorator object at 0x749093a36560>, verb_extension=<colcon_core.verb.build.BuildVerb object at 0x749093a36050>, main=<bound method BuildVerb.main of <colcon_core.verb.build.BuildVerb object at 0x749093a36050>>, mixin_verb=('build',))
[0.206s] Level 1:colcon.colcon_core.package_discovery:discover_packages(colcon_meta) check parameters
[0.206s] Level 1:colcon.colcon_core.package_discovery:discover_packages(recursive) check parameters
[0.206s] Level 1:colcon.colcon_core.package_discovery:discover_packages(ignore) check parameters
[0.206s] Level 1:colcon.colcon_core.package_discovery:discover_packages(path) check parameters
[0.206s] Level 1:colcon.colcon_core.package_discovery:discover_packages(colcon_meta) discover
[0.206s] Level 1:colcon.colcon_core.package_discovery:discover_packages(recursive) discover
[0.206s] INFO:colcon.colcon_core.package_discovery:Crawling recursively for packages in '/home/ishara/cpp_pubsub/Ros2-Humble-Pub-Sub-Cpp'
[0.207s] Level 1:colcon.colcon_core.package_identification:_identify(.) by extensions ['ignore', 'ignore_ament_install']
[0.207s] Level 1:colcon.colcon_core.package_identification:_identify(.) by extension 'ignore'
[0.207s] Level 1:colcon.colcon_core.package_identification:_identify(.) by extension 'ignore_ament_install'
[0.207s] Level 1:colcon.colcon_core.package_identification:_identify(.) by extensions ['colcon_pkg']
[0.207s] Level 1:colcon.colcon_core.package_identification:_identify(.) by extension 'colcon_pkg'
[0.207s] Level 1:colcon.colcon_core.package_identification:_identify(.) by extensions ['colcon_meta']
[0.207s] Level 1:colcon.colcon_core.package_identification:_identify(.) by extension 'colcon_meta'
[0.207s] Level 1:colcon.colcon_core.package_identification:_identify(.) by extensions ['ros']
[0.207s] Level 1:colcon.colcon_core.package_identification:_identify(.) by extension 'ros'
[0.216s] Level 1:colcon.colcon_core.package_identification:_identify(.) by extensions ['cmake', 'python']
[0.216s] Level 1:colcon.colcon_core.package_identification:_identify(.) by extension 'cmake'
[0.216s] Level 1:colcon.colcon_core.package_identification:_identify(.) by extension 'python'
[0.216s] Level 1:colcon.colcon_core.package_identification:_identify(.) by extensions ['python_setup_py']
[0.216s] Level 1:colcon.colcon_core.package_identification:_identify(.) by extension 'python_setup_py'
[0.216s] Level 1:colcon.colcon_core.package_identification:_identify(build) by extensions ['ignore', 'ignore_ament_install']
[0.216s] Level 1:colcon.colcon_core.package_identification:_identify(build) by extension 'ignore'
[0.216s] Level 1:colcon.colcon_core.package_identification:_identify(build) ignored
[0.216s] Level 1:colcon.colcon_core.package_identification:_identify(cpp_pubsub) by extensions ['ignore', 'ignore_ament_install']
[0.216s] Level 1:colcon.colcon_core.package_identification:_identify(cpp_pubsub) by extension 'ignore'
[0.216s] Level 1:colcon.colcon_core.package_identification:_identify(cpp_pubsub) by extension 'ignore_ament_install'
[0.216s] Level 1:colcon.colcon_core.package_identification:_identify(cpp_pubsub) by extensions ['colcon_pkg']
[0.216s] Level 1:colcon.colcon_core.package_identification:_identify(cpp_pubsub) by extension 'colcon_pkg'
[0.216s] Level 1:colcon.colcon_core.package_identification:_identify(cpp_pubsub) by extensions ['colcon_meta']
[0.216s] Level 1:colcon.colcon_core.package_identification:_identify(cpp_pubsub) by extension 'colcon_meta'
[0.216s] Level 1:colcon.colcon_core.package_identification:_identify(cpp_pubsub) by extensions ['ros']
[0.216s] Level 1:colcon.colcon_core.package_identification:_identify(cpp_pubsub) by extension 'ros'
[0.218s] DEBUG:colcon.colcon_core.package_identification:Package 'cpp_pubsub' with type 'ros.ament_cmake' and name 'cpp_pubsub'
[0.219s] Level 1:colcon.colcon_core.package_identification:_identify(install) by extensions ['ignore', 'ignore_ament_install']
[0.219s] Level 1:colcon.colcon_core.package_identification:_identify(install) by extension 'ignore'
[0.219s] Level 1:colcon.colcon_core.package_identification:_identify(install) ignored
[0.219s] Level 1:colcon.colcon_core.package_identification:_identify(log) by extensions ['ignore', 'ignore_ament_install']
[0.219s] Level 1:colcon.colcon_core.package_identification:_identify(log) by extension 'ignore'
[0.219s] Level 1:colcon.colcon_core.package_identification:_identify(log) ignored
[0.219s] Level 1:colcon.colcon_core.package_discovery:discover_packages(recursive) using defaults
[0.219s] Level 1:colcon.colcon_core.package_discovery:discover_packages(ignore) discover
[0.219s] Level 1:colcon.colcon_core.package_discovery:discover_packages(ignore) using defaults
[0.219s] Level 1:colcon.colcon_core.package_discovery:discover_packages(path) discover
[0.219s] Level 1:colcon.colcon_core.package_discovery:discover_packages(path) using defaults
[0.235s] Level 1:colcon.colcon_core.package_discovery:discover_packages(prefix_path) check parameters
[0.235s] Level 1:colcon.colcon_core.package_discovery:discover_packages(prefix_path) discover
[0.236s] DEBUG:colcon.colcon_installed_package_information.package_discovery:Found 1 installed packages in /home/ishara/ros2_ws/install
[0.237s] DEBUG:colcon.colcon_installed_package_information.package_discovery:Found 7 installed packages in /home/ishara/prelab_ros2_ws/install
[0.238s] DEBUG:colcon.colcon_installed_package_information.package_discovery:Found 271 installed packages in /opt/ros/humble
[0.251s] Level 1:colcon.colcon_core.package_discovery:discover_packages(prefix_path) using defaults
[0.279s] Level 5:colcon.colcon_core.verb:set package 'cpp_pubsub' build argument 'cmake_args' from command line to 'None'
[0.279s] Level 5:colcon.colcon_core.verb:set package 'cpp_pubsub' build argument 'cmake_target' from command line to 'None'
[0.279s] Level 5:colcon.colcon_core.verb:set package 'cpp_pubsub' build argument 'cmake_target_skip_unavailable' from command line to 'False'
[0.279s] Level 5:colcon.colcon_core.verb:set package 'cpp_pubsub' build argument 'cmake_clean_cache' from command line to 'False'
[0.279s] Level 5:colcon.colcon_core.verb:set package 'cpp_pubsub' build argument 'cmake_clean_first' from command line to 'False'
[0.279s] Level 5:colcon.colcon_core.verb:set package 'cpp_pubsub' build argument 'cmake_force_configure' from command line to 'False'
[0.279s] Level 5:colcon.colcon_core.verb:set package 'cpp_pubsub' build argument 'ament_cmake_args' from command line to 'None'
[0.279s] Level 5:colcon.colcon_core.verb:set package 'cpp_pubsub' build argument 'catkin_cmake_args' from command line to 'None'
[0.279s] Level 5:colcon.colcon_core.verb:set package 'cpp_pubsub' build argument 'catkin_skip_building_tests' from command line to 'False'
[0.279s] DEBUG:colcon.colcon_core.verb:Building package 'cpp_pubsub' with the following arguments: {'ament_cmake_args': None, 'build_base': '/home/ishara/cpp_pubsub/Ros2-Humble-Pub-Sub-Cpp/build/cpp_pubsub', 'catkin_cmake_args': None, 'catkin_skip_building_tests': False, 'cmake_args': None, 'cmake_clean_cache': False, 'cmake_clean_first': False, 'cmake_force_configure': False, 'cmake_target': None, 'cmake_target_skip_unavailable': False, 'install_base': '/home/ishara/cpp_pubsub/Ros2-Humble-Pub-Sub-Cpp/install/cpp_pubsub', 'merge_install': False, 'path': '/home/ishara/cpp_pubsub/Ros2-Humble-Pub-Sub-Cpp/cpp_pubsub', 'symlink_install': True, 'test_result_base': None}
[0.279s] INFO:colcon.colcon_core.executor:Executing jobs using 'parallel' executor
[0.280s] DEBUG:colcon.colcon_parallel_executor.executor.parallel:run_until_complete
[0.280s] INFO:colcon.colcon_ros.task.ament_cmake.build:Building ROS package in '/home/ishara/cpp_pubsub/Ros2-Humble-Pub-Sub-Cpp/cpp_pubsub' with build type 'ament_cmake'
[0.280s] INFO:colcon.colcon_cmake.task.cmake.build:Building CMake package in '/home/ishara/cpp_pubsub/Ros2-Humble-Pub-Sub-Cpp/cpp_pubsub'
[0.282s] INFO:colcon.colcon_core.plugin_system:Skipping extension 'colcon_core.shell.bat': Not used on non-Windows systems
[0.282s] INFO:colcon.colcon_core.shell:Skip shell extension 'powershell' for command environment: Not usable outside of PowerShell
[0.282s] DEBUG:colcon.colcon_core.shell:Skip shell extension 'dsv' for command environment
[0.291s] DEBUG:colcon.colcon_core.event_handler.log_command:Invoking command in '/home/ishara/cpp_pubsub/Ros2-Humble-Pub-Sub-Cpp/build/cpp_pubsub': CMAKE_PREFIX_PATH=${CMAKE_PREFIX_PATH}:/home/ishara/ros2_ws/install/my_robot_controller:/opt/ros/humble /usr/bin/cmake /home/ishara/cpp_pubsub/Ros2-Humble-Pub-Sub-Cpp/cpp_pubsub -DAMENT_CMAKE_SYMLINK_INSTALL=1 -DCMAKE_INSTALL_PREFIX=/home/ishara/cpp_pubsub/Ros2-Humble-Pub-Sub-Cpp/install/cpp_pubsub
[4.769s] DEBUG:colcon.colcon_core.event_handler.log_command:Invoked command in '/home/ishara/cpp_pubsub/Ros2-Humble-Pub-Sub-Cpp/build/cpp_pubsub' returned '0': CMAKE_PREFIX_PATH=${CMAKE_PREFIX_PATH}:/home/ishara/ros2_ws/install/my_robot_controller:/opt/ros/humble /usr/bin/cmake /home/ishara/cpp_pubsub/Ros2-Humble-Pub-Sub-Cpp/cpp_pubsub -DAMENT_CMAKE_SYMLINK_INSTALL=1 -DCMAKE_INSTALL_PREFIX=/home/ishara/cpp_pubsub/Ros2-Humble-Pub-Sub-Cpp/install/cpp_pubsub
[4.771s] DEBUG:colcon.colcon_core.event_handler.log_command:Invoking command in '/home/ishara/cpp_pubsub/Ros2-Humble-Pub-Sub-Cpp/build/cpp_pubsub': CMAKE_PREFIX_PATH=${CMAKE_PREFIX_PATH}:/home/ishara/ros2_ws/install/my_robot_controller:/opt/ros/humble /usr/bin/cmake --build /home/ishara/cpp_pubsub/Ros2-Humble-Pub-Sub-Cpp/build/cpp_pubsub -- -j6 -l6
[12.849s] DEBUG:colcon.colcon_core.event_handler.log_command:Invoked command in '/home/ishara/cpp_pubsub/Ros2-Humble-Pub-Sub-Cpp/build/cpp_pubsub' returned '0': CMAKE_PREFIX_PATH=${CMAKE_PREFIX_PATH}:/home/ishara/ros2_ws/install/my_robot_controller:/opt/ros/humble /usr/bin/cmake --build /home/ishara/cpp_pubsub/Ros2-Humble-Pub-Sub-Cpp/build/cpp_pubsub -- -j6 -l6
[12.889s] DEBUG:colcon.colcon_core.event_handler.log_command:Invoking command in '/home/ishara/cpp_pubsub/Ros2-Humble-Pub-Sub-Cpp/build/cpp_pubsub': CMAKE_PREFIX_PATH=${CMAKE_PREFIX_PATH}:/home/ishara/ros2_ws/install/my_robot_controller:/opt/ros/humble /usr/bin/cmake --install /home/ishara/cpp_pubsub/Ros2-Humble-Pub-Sub-Cpp/build/cpp_pubsub
[13.076s] Level 1:colcon.colcon_core.environment:create_environment_scripts_only(cpp_pubsub)
[13.077s] DEBUG:colcon.colcon_core.event_handler.log_command:Invoked command in '/home/ishara/cpp_pubsub/Ros2-Humble-Pub-Sub-Cpp/build/cpp_pubsub' returned '0': CMAKE_PREFIX_PATH=${CMAKE_PREFIX_PATH}:/home/ishara/ros2_ws/install/my_robot_controller:/opt/ros/humble /usr/bin/cmake --install /home/ishara/cpp_pubsub/Ros2-Humble-Pub-Sub-Cpp/build/cpp_pubsub
[13.080s] Level 1:colcon.colcon_core.environment:checking '/home/ishara/cpp_pubsub/Ros2-Humble-Pub-Sub-Cpp/install/cpp_pubsub' for CMake module files
[13.081s] Level 1:colcon.colcon_core.environment:checking '/home/ishara/cpp_pubsub/Ros2-Humble-Pub-Sub-Cpp/install/cpp_pubsub' for CMake config files
[13.081s] Level 1:colcon.colcon_core.shell:create_environment_hook('cpp_pubsub', 'cmake_prefix_path')
[13.082s] INFO:colcon.colcon_core.shell:Creating environment hook '/home/ishara/cpp_pubsub/Ros2-Humble-Pub-Sub-Cpp/install/cpp_pubsub/share/cpp_pubsub/hook/cmake_prefix_path.ps1'
[13.083s] INFO:colcon.colcon_core.shell:Creating environment descriptor '/home/ishara/cpp_pubsub/Ros2-Humble-Pub-Sub-Cpp/install/cpp_pubsub/share/cpp_pubsub/hook/cmake_prefix_path.dsv'
[13.083s] INFO:colcon.colcon_core.shell:Creating environment hook '/home/ishara/cpp_pubsub/Ros2-Humble-Pub-Sub-Cpp/install/cpp_pubsub/share/cpp_pubsub/hook/cmake_prefix_path.sh'
[13.085s] Level 1:colcon.colcon_core.environment:checking '/home/ishara/cpp_pubsub/Ros2-Humble-Pub-Sub-Cpp/install/cpp_pubsub/lib'
[13.085s] Level 1:colcon.colcon_core.environment:checking '/home/ishara/cpp_pubsub/Ros2-Humble-Pub-Sub-Cpp/install/cpp_pubsub/bin'
[13.085s] Level 1:colcon.colcon_core.environment:checking '/home/ishara/cpp_pubsub/Ros2-Humble-Pub-Sub-Cpp/install/cpp_pubsub/lib/pkgconfig/cpp_pubsub.pc'
[13.086s] Level 1:colcon.colcon_core.environment:checking '/home/ishara/cpp_pubsub/Ros2-Humble-Pub-Sub-Cpp/install/cpp_pubsub/lib/python3.10/site-packages'
[13.086s] Level 1:colcon.colcon_core.environment:checking '/home/ishara/cpp_pubsub/Ros2-Humble-Pub-Sub-Cpp/install/cpp_pubsub/bin'
[13.087s] INFO:colcon.colcon_core.shell:Creating package script '/home/ishara/cpp_pubsub/Ros2-Humble-Pub-Sub-Cpp/install/cpp_pubsub/share/cpp_pubsub/package.ps1'
[13.088s] INFO:colcon.colcon_core.shell:Creating package descriptor '/home/ishara/cpp_pubsub/Ros2-Humble-Pub-Sub-Cpp/install/cpp_pubsub/share/cpp_pubsub/package.dsv'
[13.089s] INFO:colcon.colcon_core.shell:Creating package script '/home/ishara/cpp_pubsub/Ros2-Humble-Pub-Sub-Cpp/install/cpp_pubsub/share/cpp_pubsub/package.sh'
[13.090s] INFO:colcon.colcon_core.shell:Creating package script '/home/ishara/cpp_pubsub/Ros2-Humble-Pub-Sub-Cpp/install/cpp_pubsub/share/cpp_pubsub/package.bash'
[13.092s] INFO:colcon.colcon_core.shell:Creating package script '/home/ishara/cpp_pubsub/Ros2-Humble-Pub-Sub-Cpp/install/cpp_pubsub/share/cpp_pubsub/package.zsh'
[13.093s] Level 1:colcon.colcon_core.environment:create_file_with_runtime_dependencies(/home/ishara/cpp_pubsub/Ros2-Humble-Pub-Sub-Cpp/install/cpp_pubsub/share/colcon-core/packages/cpp_pubsub)
[13.124s] Level 1:colcon.colcon_core.environment:create_environment_scripts_only(cpp_pubsub)
[13.124s] Level 1:colcon.colcon_core.environment:checking '/home/ishara/cpp_pubsub/Ros2-Humble-Pub-Sub-Cpp/install/cpp_pubsub' for CMake module files
[13.125s] Level 1:colcon.colcon_core.environment:checking '/home/ishara/cpp_pubsub/Ros2-Humble-Pub-Sub-Cpp/install/cpp_pubsub' for CMake config files
[13.125s] Level 1:colcon.colcon_core.shell:create_environment_hook('cpp_pubsub', 'cmake_prefix_path')
[13.126s] INFO:colcon.colcon_core.shell:Creating environment hook '/home/ishara/cpp_pubsub/Ros2-Humble-Pub-Sub-Cpp/install/cpp_pubsub/share/cpp_pubsub/hook/cmake_prefix_path.ps1'
[13.127s] INFO:colcon.colcon_core.shell:Creating environment descriptor '/home/ishara/cpp_pubsub/Ros2-Humble-Pub-Sub-Cpp/install/cpp_pubsub/share/cpp_pubsub/hook/cmake_prefix_path.dsv'
[13.127s] INFO:colcon.colcon_core.shell:Creating environment hook '/home/ishara/cpp_pubsub/Ros2-Humble-Pub-Sub-Cpp/install/cpp_pubsub/share/cpp_pubsub/hook/cmake_prefix_path.sh'
[13.128s] Level 1:colcon.colcon_core.environment:checking '/home/ishara/cpp_pubsub/Ros2-Humble-Pub-Sub-Cpp/install/cpp_pubsub/lib'
[13.128s] Level 1:colcon.colcon_core.environment:checking '/home/ishara/cpp_pubsub/Ros2-Humble-Pub-Sub-Cpp/install/cpp_pubsub/bin'
[13.128s] Level 1:colcon.colcon_core.environment:checking '/home/ishara/cpp_pubsub/Ros2-Humble-Pub-Sub-Cpp/install/cpp_pubsub/lib/pkgconfig/cpp_pubsub.pc'
[13.129s] Level 1:colcon.colcon_core.environment:checking '/home/ishara/cpp_pubsub/Ros2-Humble-Pub-Sub-Cpp/install/cpp_pubsub/lib/python3.10/site-packages'
[13.129s] Level 1:colcon.colcon_core.environment:checking '/home/ishara/cpp_pubsub/Ros2-Humble-Pub-Sub-Cpp/install/cpp_pubsub/bin'
[13.130s] INFO:colcon.colcon_core.shell:Creating package script '/home/ishara/cpp_pubsub/Ros2-Humble-Pub-Sub-Cpp/install/cpp_pubsub/share/cpp_pubsub/package.ps1'
[13.132s] INFO:colcon.colcon_core.shell:Creating package descriptor '/home/ishara/cpp_pubsub/Ros2-Humble-Pub-Sub-Cpp/install/cpp_pubsub/share/cpp_pubsub/package.dsv'
[13.132s] INFO:colcon.colcon_core.shell:Creating package script '/home/ishara/cpp_pubsub/Ros2-Humble-Pub-Sub-Cpp/install/cpp_pubsub/share/cpp_pubsub/package.sh'
[13.132s] INFO:colcon.colcon_core.shell:Creating package script '/home/ishara/cpp_pubsub/Ros2-Humble-Pub-Sub-Cpp/install/cpp_pubsub/share/cpp_pubsub/package.bash'
[13.133s] INFO:colcon.colcon_core.shell:Creating package script '/home/ishara/cpp_pubsub/Ros2-Humble-Pub-Sub-Cpp/install/cpp_pubsub/share/cpp_pubsub/package.zsh'
[13.133s] Level 1:colcon.colcon_core.environment:create_file_with_runtime_dependencies(/home/ishara/cpp_pubsub/Ros2-Humble-Pub-Sub-Cpp/install/cpp_pubsub/share/colcon-core/packages/cpp_pubsub)
[13.133s] DEBUG:colcon.colcon_parallel_executor.executor.parallel:closing loop
[13.134s] DEBUG:colcon.colcon_parallel_executor.executor.parallel:loop closed
[13.134s] DEBUG:colcon.colcon_parallel_executor.executor.parallel:run_until_complete finished with '0'
[13.134s] DEBUG:colcon.colcon_core.event_reactor:joining thread
[13.141s] INFO:colcon.colcon_core.plugin_system:Skipping extension 'colcon_notification.desktop_notification.terminal_notifier': Not used on non-Darwin systems
[13.141s] INFO:colcon.colcon_core.plugin_system:Skipping extension 'colcon_notification.desktop_notification.win32': Not used on non-Windows systems
[13.141s] INFO:colcon.colcon_notification.desktop_notification:Sending desktop notification using 'notify2'
[13.154s] DEBUG:colcon.colcon_core.event_reactor:joined thread
[13.155s] INFO:colcon.colcon_core.shell:Creating prefix script '/home/ishara/cpp_pubsub/Ros2-Humble-Pub-Sub-Cpp/install/local_setup.ps1'
[13.157s] INFO:colcon.colcon_core.shell:Creating prefix util module '/home/ishara/cpp_pubsub/Ros2-Humble-Pub-Sub-Cpp/install/_local_setup_util_ps1.py'
[13.158s] INFO:colcon.colcon_core.shell:Creating prefix chain script '/home/ishara/cpp_pubsub/Ros2-Humble-Pub-Sub-Cpp/install/setup.ps1'
[13.159s] INFO:colcon.colcon_core.shell:Creating prefix script '/home/ishara/cpp_pubsub/Ros2-Humble-Pub-Sub-Cpp/install/local_setup.sh'
[13.160s] INFO:colcon.colcon_core.shell:Creating prefix util module '/home/ishara/cpp_pubsub/Ros2-Humble-Pub-Sub-Cpp/install/_local_setup_util_sh.py'
[13.160s] INFO:colcon.colcon_core.shell:Creating prefix chain script '/home/ishara/cpp_pubsub/Ros2-Humble-Pub-Sub-Cpp/install/setup.sh'
[13.161s] INFO:colcon.colcon_core.shell:Creating prefix script '/home/ishara/cpp_pubsub/Ros2-Humble-Pub-Sub-Cpp/install/local_setup.bash'
[13.161s] INFO:colcon.colcon_core.shell:Creating prefix chain script '/home/ishara/cpp_pubsub/Ros2-Humble-Pub-Sub-Cpp/install/setup.bash'
[13.162s] INFO:colcon.colcon_core.shell:Creating prefix script '/home/ishara/cpp_pubsub/Ros2-Humble-Pub-Sub-Cpp/install/local_setup.zsh'
[13.162s] INFO:colcon.colcon_core.shell:Creating prefix chain script '/home/ishara/cpp_pubsub/Ros2-Humble-Pub-Sub-Cpp/install/setup.zsh'
