[0.143s] DEBUG:colcon:Command line arguments: ['/usr/bin/colcon', 'build', '--symlink-install']
[0.143s] DEBUG:colcon:Parsed command line arguments: Namespace(log_base=None, log_level=None, verb_name='build', build_base='build', install_base='install', merge_install=False, symlink_install=True, test_result_base=None, continue_on_error=False, executor='parallel', parallel_workers=6, event_handlers=None, ignore_user_meta=False, metas=['./colcon.meta'], base_paths=['.'], packages_ignore=None, packages_ignore_regex=None, paths=None, packages_up_to=None, packages_up_to_regex=None, packages_above=None, packages_above_and_dependencies=None, packages_above_depth=None, packages_select_by_dep=None, packages_skip_by_dep=None, packages_skip_up_to=None, packages_select_build_failed=False, packages_skip_build_finished=False, packages_select_test_failures=False, packages_skip_test_passed=False, packages_select=None, packages_skip=None, packages_select_regex=None, packages_skip_regex=None, packages_start=None, packages_end=None, allow_overriding=[], cmake_args=None, cmake_target=None, cmake_target_skip_unavailable=False, cmake_clean_cache=False, cmake_clean_first=False, cmake_force_configure=False, ament_cmake_args=None, catkin_cmake_args=None, catkin_skip_building_tests=False, mixin_files=None, mixin=None, verb_parser=<colcon_mixin.mixin.mixin_argument.MixinArgumentDecorator object at 0x729605f4a560>, verb_extension=<colcon_core.verb.build.BuildVerb object at 0x729605f4a050>, main=<bound method BuildVerb.main of <colcon_core.verb.build.BuildVerb object at 0x729605f4a050>>, mixin_verb=('build',))
[0.352s] Level 1:colcon.colcon_core.package_discovery:discover_packages(colcon_meta) check parameters
[0.352s] Level 1:colcon.colcon_core.package_discovery:discover_packages(recursive) check parameters
[0.352s] Level 1:colcon.colcon_core.package_discovery:discover_packages(ignore) check parameters
[0.352s] Level 1:colcon.colcon_core.package_discovery:discover_packages(path) check parameters
[0.352s] Level 1:colcon.colcon_core.package_discovery:discover_packages(colcon_meta) discover
[0.352s] Level 1:colcon.colcon_core.package_discovery:discover_packages(recursive) discover
[0.353s] INFO:colcon.colcon_core.package_discovery:Crawling recursively for packages in '/home/ishara/cpp_pubsub'
[0.353s] Level 1:colcon.colcon_core.package_identification:_identify(.) by extensions ['ignore', 'ignore_ament_install']
[0.353s] Level 1:colcon.colcon_core.package_identification:_identify(.) by extension 'ignore'
[0.353s] Level 1:colcon.colcon_core.package_identification:_identify(.) by extension 'ignore_ament_install'
[0.353s] Level 1:colcon.colcon_core.package_identification:_identify(.) by extensions ['colcon_pkg']
[0.353s] Level 1:colcon.colcon_core.package_identification:_identify(.) by extension 'colcon_pkg'
[0.353s] Level 1:colcon.colcon_core.package_identification:_identify(.) by extensions ['colcon_meta']
[0.353s] Level 1:colcon.colcon_core.package_identification:_identify(.) by extension 'colcon_meta'
[0.353s] Level 1:colcon.colcon_core.package_identification:_identify(.) by extensions ['ros']
[0.353s] Level 1:colcon.colcon_core.package_identification:_identify(.) by extension 'ros'
[0.368s] Level 1:colcon.colcon_core.package_identification:_identify(.) by extensions ['cmake', 'python']
[0.368s] Level 1:colcon.colcon_core.package_identification:_identify(.) by extension 'cmake'
[0.369s] Level 1:colcon.colcon_core.package_identification:_identify(.) by extension 'python'
[0.369s] Level 1:colcon.colcon_core.package_identification:_identify(.) by extensions ['python_setup_py']
[0.369s] Level 1:colcon.colcon_core.package_identification:_identify(.) by extension 'python_setup_py'
[0.369s] Level 1:colcon.colcon_core.package_identification:_identify(Ros2-Humble-Pub-Sub-Cpp) by extensions ['ignore', 'ignore_ament_install']
[0.369s] Level 1:colcon.colcon_core.package_identification:_identify(Ros2-Humble-Pub-Sub-Cpp) by extension 'ignore'
[0.369s] Level 1:colcon.colcon_core.package_identification:_identify(Ros2-Humble-Pub-Sub-Cpp) by extension 'ignore_ament_install'
[0.369s] Level 1:colcon.colcon_core.package_identification:_identify(Ros2-Humble-Pub-Sub-Cpp) by extensions ['colcon_pkg']
[0.369s] Level 1:colcon.colcon_core.package_identification:_identify(Ros2-Humble-Pub-Sub-Cpp) by extension 'colcon_pkg'
[0.369s] Level 1:colcon.colcon_core.package_identification:_identify(Ros2-Humble-Pub-Sub-Cpp) by extensions ['colcon_meta']
[0.369s] Level 1:colcon.colcon_core.package_identification:_identify(Ros2-Humble-Pub-Sub-Cpp) by extension 'colcon_meta'
[0.369s] Level 1:colcon.colcon_core.package_identification:_identify(Ros2-Humble-Pub-Sub-Cpp) by extensions ['ros']
[0.369s] Level 1:colcon.colcon_core.package_identification:_identify(Ros2-Humble-Pub-Sub-Cpp) by extension 'ros'
[0.369s] Level 1:colcon.colcon_core.package_identification:_identify(Ros2-Humble-Pub-Sub-Cpp) by extensions ['cmake', 'python']
[0.369s] Level 1:colcon.colcon_core.package_identification:_identify(Ros2-Humble-Pub-Sub-Cpp) by extension 'cmake'
[0.370s] Level 1:colcon.colcon_core.package_identification:_identify(Ros2-Humble-Pub-Sub-Cpp) by extension 'python'
[0.370s] Level 1:colcon.colcon_core.package_identification:_identify(Ros2-Humble-Pub-Sub-Cpp) by extensions ['python_setup_py']
[0.370s] Level 1:colcon.colcon_core.package_identification:_identify(Ros2-Humble-Pub-Sub-Cpp) by extension 'python_setup_py'
[0.370s] Level 1:colcon.colcon_core.package_identification:_identify(Ros2-Humble-Pub-Sub-Cpp/build) by extensions ['ignore', 'ignore_ament_install']
[0.370s] Level 1:colcon.colcon_core.package_identification:_identify(Ros2-Humble-Pub-Sub-Cpp/build) by extension 'ignore'
[0.370s] Level 1:colcon.colcon_core.package_identification:_identify(Ros2-Humble-Pub-Sub-Cpp/build) ignored
[0.370s] Level 1:colcon.colcon_core.package_identification:_identify(Ros2-Humble-Pub-Sub-Cpp/cpp_pubsub) by extensions ['ignore', 'ignore_ament_install']
[0.370s] Level 1:colcon.colcon_core.package_identification:_identify(Ros2-Humble-Pub-Sub-Cpp/cpp_pubsub) by extension 'ignore'
[0.370s] Level 1:colcon.colcon_core.package_identification:_identify(Ros2-Humble-Pub-Sub-Cpp/cpp_pubsub) by extension 'ignore_ament_install'
[0.370s] Level 1:colcon.colcon_core.package_identification:_identify(Ros2-Humble-Pub-Sub-Cpp/cpp_pubsub) by extensions ['colcon_pkg']
[0.370s] Level 1:colcon.colcon_core.package_identification:_identify(Ros2-Humble-Pub-Sub-Cpp/cpp_pubsub) by extension 'colcon_pkg'
[0.370s] Level 1:colcon.colcon_core.package_identification:_identify(Ros2-Humble-Pub-Sub-Cpp/cpp_pubsub) by extensions ['colcon_meta']
[0.370s] Level 1:colcon.colcon_core.package_identification:_identify(Ros2-Humble-Pub-Sub-Cpp/cpp_pubsub) by extension 'colcon_meta'
[0.370s] Level 1:colcon.colcon_core.package_identification:_identify(Ros2-Humble-Pub-Sub-Cpp/cpp_pubsub) by extensions ['ros']
[0.370s] Level 1:colcon.colcon_core.package_identification:_identify(Ros2-Humble-Pub-Sub-Cpp/cpp_pubsub) by extension 'ros'
[0.374s] DEBUG:colcon.colcon_core.package_identification:Package 'Ros2-Humble-Pub-Sub-Cpp/cpp_pubsub' with type 'ros.ament_cmake' and name 'cpp_pubsub'
[0.374s] Level 1:colcon.colcon_core.package_identification:_identify(Ros2-Humble-Pub-Sub-Cpp/install) by extensions ['ignore', 'ignore_ament_install']
[0.374s] Level 1:colcon.colcon_core.package_identification:_identify(Ros2-Humble-Pub-Sub-Cpp/install) by extension 'ignore'
[0.374s] Level 1:colcon.colcon_core.package_identification:_identify(Ros2-Humble-Pub-Sub-Cpp/install) ignored
[0.374s] Level 1:colcon.colcon_core.package_identification:_identify(Ros2-Humble-Pub-Sub-Cpp/log) by extensions ['ignore', 'ignore_ament_install']
[0.375s] Level 1:colcon.colcon_core.package_identification:_identify(Ros2-Humble-Pub-Sub-Cpp/log) by extension 'ignore'
[0.375s] Level 1:colcon.colcon_core.package_identification:_identify(Ros2-Humble-Pub-Sub-Cpp/log) ignored
[0.375s] Level 1:colcon.colcon_core.package_identification:_identify(build) by extensions ['ignore', 'ignore_ament_install']
[0.375s] Level 1:colcon.colcon_core.package_identification:_identify(build) by extension 'ignore'
[0.375s] Level 1:colcon.colcon_core.package_identification:_identify(build) ignored
[0.375s] Level 1:colcon.colcon_core.package_identification:_identify(install) by extensions ['ignore', 'ignore_ament_install']
[0.375s] Level 1:colcon.colcon_core.package_identification:_identify(install) by extension 'ignore'
[0.375s] Level 1:colcon.colcon_core.package_identification:_identify(install) ignored
[0.375s] Level 1:colcon.colcon_core.package_identification:_identify(log) by extensions ['ignore', 'ignore_ament_install']
[0.375s] Level 1:colcon.colcon_core.package_identification:_identify(log) by extension 'ignore'
[0.375s] Level 1:colcon.colcon_core.package_identification:_identify(log) ignored
[0.375s] Level 1:colcon.colcon_core.package_discovery:discover_packages(recursive) using defaults
[0.375s] Level 1:colcon.colcon_core.package_discovery:discover_packages(ignore) discover
[0.375s] Level 1:colcon.colcon_core.package_discovery:discover_packages(ignore) using defaults
[0.375s] Level 1:colcon.colcon_core.package_discovery:discover_packages(path) discover
[0.375s] Level 1:colcon.colcon_core.package_discovery:discover_packages(path) using defaults
[0.404s] Level 1:colcon.colcon_core.package_discovery:discover_packages(prefix_path) check parameters
[0.404s] Level 1:colcon.colcon_core.package_discovery:discover_packages(prefix_path) discover
[0.406s] DEBUG:colcon.colcon_installed_package_information.package_discovery:Found 1 installed packages in /home/ishara/cpp_pubsub/install
[0.407s] DEBUG:colcon.colcon_installed_package_information.package_discovery:Found 1 installed packages in /home/ishara/ros2_ws/install
[0.407s] DEBUG:colcon.colcon_installed_package_information.package_discovery:Found 7 installed packages in /home/ishara/prelab_ros2_ws/install
[0.409s] DEBUG:colcon.colcon_installed_package_information.package_discovery:Found 271 installed packages in /opt/ros/humble
[0.438s] Level 1:colcon.colcon_core.package_discovery:discover_packages(prefix_path) using defaults
[0.486s] Level 5:colcon.colcon_core.verb:set package 'cpp_pubsub' build argument 'cmake_args' from command line to 'None'
[0.486s] Level 5:colcon.colcon_core.verb:set package 'cpp_pubsub' build argument 'cmake_target' from command line to 'None'
[0.486s] Level 5:colcon.colcon_core.verb:set package 'cpp_pubsub' build argument 'cmake_target_skip_unavailable' from command line to 'False'
[0.486s] Level 5:colcon.colcon_core.verb:set package 'cpp_pubsub' build argument 'cmake_clean_cache' from command line to 'False'
[0.486s] Level 5:colcon.colcon_core.verb:set package 'cpp_pubsub' build argument 'cmake_clean_first' from command line to 'False'
[0.486s] Level 5:colcon.colcon_core.verb:set package 'cpp_pubsub' build argument 'cmake_force_configure' from command line to 'False'
[0.486s] Level 5:colcon.colcon_core.verb:set package 'cpp_pubsub' build argument 'ament_cmake_args' from command line to 'None'
[0.486s] Level 5:colcon.colcon_core.verb:set package 'cpp_pubsub' build argument 'catkin_cmake_args' from command line to 'None'
[0.486s] Level 5:colcon.colcon_core.verb:set package 'cpp_pubsub' build argument 'catkin_skip_building_tests' from command line to 'False'
[0.486s] DEBUG:colcon.colcon_core.verb:Building package 'cpp_pubsub' with the following arguments: {'ament_cmake_args': None, 'build_base': '/home/ishara/cpp_pubsub/build/cpp_pubsub', 'catkin_cmake_args': None, 'catkin_skip_building_tests': False, 'cmake_args': None, 'cmake_clean_cache': False, 'cmake_clean_first': False, 'cmake_force_configure': False, 'cmake_target': None, 'cmake_target_skip_unavailable': False, 'install_base': '/home/ishara/cpp_pubsub/install/cpp_pubsub', 'merge_install': False, 'path': '/home/ishara/cpp_pubsub/Ros2-Humble-Pub-Sub-Cpp/cpp_pubsub', 'symlink_install': True, 'test_result_base': None}
[0.486s] INFO:colcon.colcon_core.executor:Executing jobs using 'parallel' executor
[0.488s] DEBUG:colcon.colcon_parallel_executor.executor.parallel:run_until_complete
[0.489s] INFO:colcon.colcon_ros.task.ament_cmake.build:Building ROS package in '/home/ishara/cpp_pubsub/Ros2-Humble-Pub-Sub-Cpp/cpp_pubsub' with build type 'ament_cmake'
[0.489s] INFO:colcon.colcon_cmake.task.cmake.build:Building CMake package in '/home/ishara/cpp_pubsub/Ros2-Humble-Pub-Sub-Cpp/cpp_pubsub'
[0.491s] INFO:colcon.colcon_core.plugin_system:Skipping extension 'colcon_core.shell.bat': Not used on non-Windows systems
[0.492s] INFO:colcon.colcon_core.shell:Skip shell extension 'powershell' for command environment: Not usable outside of PowerShell
[0.492s] DEBUG:colcon.colcon_core.shell:Skip shell extension 'dsv' for command environment
[0.507s] DEBUG:colcon.colcon_core.event_handler.log_command:Invoking command in '/home/ishara/cpp_pubsub/build/cpp_pubsub': CMAKE_PREFIX_PATH=${CMAKE_PREFIX_PATH}:/home/ishara/ros2_ws/install/my_robot_controller:/opt/ros/humble /usr/bin/cmake /home/ishara/cpp_pubsub/Ros2-Humble-Pub-Sub-Cpp/cpp_pubsub -DAMENT_CMAKE_SYMLINK_INSTALL=1 -DCMAKE_INSTALL_PREFIX=/home/ishara/cpp_pubsub/install/cpp_pubsub
[1.215s] DEBUG:colcon.colcon_core.event_handler.log_command:Invoked command in '/home/ishara/cpp_pubsub/build/cpp_pubsub' returned '0': CMAKE_PREFIX_PATH=${CMAKE_PREFIX_PATH}:/home/ishara/ros2_ws/install/my_robot_controller:/opt/ros/humble /usr/bin/cmake /home/ishara/cpp_pubsub/Ros2-Humble-Pub-Sub-Cpp/cpp_pubsub -DAMENT_CMAKE_SYMLINK_INSTALL=1 -DCMAKE_INSTALL_PREFIX=/home/ishara/cpp_pubsub/install/cpp_pubsub
[1.219s] DEBUG:colcon.colcon_core.event_handler.log_command:Invoking command in '/home/ishara/cpp_pubsub/build/cpp_pubsub': CMAKE_PREFIX_PATH=${CMAKE_PREFIX_PATH}:/home/ishara/ros2_ws/install/my_robot_controller:/opt/ros/humble /usr/bin/cmake --build /home/ishara/cpp_pubsub/build/cpp_pubsub -- -j6 -l6
[6.644s] DEBUG:colcon.colcon_core.event_handler.log_command:Invoked command in '/home/ishara/cpp_pubsub/build/cpp_pubsub' returned '0': CMAKE_PREFIX_PATH=${CMAKE_PREFIX_PATH}:/home/ishara/ros2_ws/install/my_robot_controller:/opt/ros/humble /usr/bin/cmake --build /home/ishara/cpp_pubsub/build/cpp_pubsub -- -j6 -l6
[6.710s] DEBUG:colcon.colcon_core.event_handler.log_command:Invoking command in '/home/ishara/cpp_pubsub/build/cpp_pubsub': CMAKE_PREFIX_PATH=${CMAKE_PREFIX_PATH}:/home/ishara/ros2_ws/install/my_robot_controller:/opt/ros/humble /usr/bin/cmake --install /home/ishara/cpp_pubsub/build/cpp_pubsub
[6.941s] Level 1:colcon.colcon_core.environment:create_environment_scripts_only(cpp_pubsub)
[6.941s] DEBUG:colcon.colcon_core.event_handler.log_command:Invoked command in '/home/ishara/cpp_pubsub/build/cpp_pubsub' returned '0': CMAKE_PREFIX_PATH=${CMAKE_PREFIX_PATH}:/home/ishara/ros2_ws/install/my_robot_controller:/opt/ros/humble /usr/bin/cmake --install /home/ishara/cpp_pubsub/build/cpp_pubsub
[6.946s] Level 1:colcon.colcon_core.environment:checking '/home/ishara/cpp_pubsub/install/cpp_pubsub' for CMake module files
[6.947s] Level 1:colcon.colcon_core.environment:checking '/home/ishara/cpp_pubsub/install/cpp_pubsub' for CMake config files
[6.947s] Level 1:colcon.colcon_core.shell:create_environment_hook('cpp_pubsub', 'cmake_prefix_path')
[6.948s] INFO:colcon.colcon_core.shell:Creating environment hook '/home/ishara/cpp_pubsub/install/cpp_pubsub/share/cpp_pubsub/hook/cmake_prefix_path.ps1'
[6.949s] INFO:colcon.colcon_core.shell:Creating environment descriptor '/home/ishara/cpp_pubsub/install/cpp_pubsub/share/cpp_pubsub/hook/cmake_prefix_path.dsv'
[6.950s] INFO:colcon.colcon_core.shell:Creating environment hook '/home/ishara/cpp_pubsub/install/cpp_pubsub/share/cpp_pubsub/hook/cmake_prefix_path.sh'
[6.951s] Level 1:colcon.colcon_core.environment:checking '/home/ishara/cpp_pubsub/install/cpp_pubsub/lib'
[6.952s] Level 1:colcon.colcon_core.environment:checking '/home/ishara/cpp_pubsub/install/cpp_pubsub/bin'
[6.952s] Level 1:colcon.colcon_core.environment:checking '/home/ishara/cpp_pubsub/install/cpp_pubsub/lib/pkgconfig/cpp_pubsub.pc'
[6.952s] Level 1:colcon.colcon_core.environment:checking '/home/ishara/cpp_pubsub/install/cpp_pubsub/lib/python3.10/site-packages'
[6.953s] Level 1:colcon.colcon_core.environment:checking '/home/ishara/cpp_pubsub/install/cpp_pubsub/bin'
[6.953s] INFO:colcon.colcon_core.shell:Creating package script '/home/ishara/cpp_pubsub/install/cpp_pubsub/share/cpp_pubsub/package.ps1'
[6.955s] INFO:colcon.colcon_core.shell:Creating package descriptor '/home/ishara/cpp_pubsub/install/cpp_pubsub/share/cpp_pubsub/package.dsv'
[6.956s] INFO:colcon.colcon_core.shell:Creating package script '/home/ishara/cpp_pubsub/install/cpp_pubsub/share/cpp_pubsub/package.sh'
[6.957s] INFO:colcon.colcon_core.shell:Creating package script '/home/ishara/cpp_pubsub/install/cpp_pubsub/share/cpp_pubsub/package.bash'
[6.959s] INFO:colcon.colcon_core.shell:Creating package script '/home/ishara/cpp_pubsub/install/cpp_pubsub/share/cpp_pubsub/package.zsh'
[6.960s] Level 1:colcon.colcon_core.environment:create_file_with_runtime_dependencies(/home/ishara/cpp_pubsub/install/cpp_pubsub/share/colcon-core/packages/cpp_pubsub)
[7.017s] Level 1:colcon.colcon_core.environment:create_environment_scripts_only(cpp_pubsub)
[7.018s] Level 1:colcon.colcon_core.environment:checking '/home/ishara/cpp_pubsub/install/cpp_pubsub' for CMake module files
[7.019s] Level 1:colcon.colcon_core.environment:checking '/home/ishara/cpp_pubsub/install/cpp_pubsub' for CMake config files
[7.019s] Level 1:colcon.colcon_core.shell:create_environment_hook('cpp_pubsub', 'cmake_prefix_path')
[7.020s] INFO:colcon.colcon_core.shell:Creating environment hook '/home/ishara/cpp_pubsub/install/cpp_pubsub/share/cpp_pubsub/hook/cmake_prefix_path.ps1'
[7.020s] INFO:colcon.colcon_core.shell:Creating environment descriptor '/home/ishara/cpp_pubsub/install/cpp_pubsub/share/cpp_pubsub/hook/cmake_prefix_path.dsv'
[7.021s] INFO:colcon.colcon_core.shell:Creating environment hook '/home/ishara/cpp_pubsub/install/cpp_pubsub/share/cpp_pubsub/hook/cmake_prefix_path.sh'
[7.022s] Level 1:colcon.colcon_core.environment:checking '/home/ishara/cpp_pubsub/install/cpp_pubsub/lib'
[7.022s] Level 1:colcon.colcon_core.environment:checking '/home/ishara/cpp_pubsub/install/cpp_pubsub/bin'
[7.022s] Level 1:colcon.colcon_core.environment:checking '/home/ishara/cpp_pubsub/install/cpp_pubsub/lib/pkgconfig/cpp_pubsub.pc'
[7.023s] Level 1:colcon.colcon_core.environment:checking '/home/ishara/cpp_pubsub/install/cpp_pubsub/lib/python3.10/site-packages'
[7.023s] Level 1:colcon.colcon_core.environment:checking '/home/ishara/cpp_pubsub/install/cpp_pubsub/bin'
[7.024s] INFO:colcon.colcon_core.shell:Creating package script '/home/ishara/cpp_pubsub/install/cpp_pubsub/share/cpp_pubsub/package.ps1'
[7.025s] INFO:colcon.colcon_core.shell:Creating package descriptor '/home/ishara/cpp_pubsub/install/cpp_pubsub/share/cpp_pubsub/package.dsv'
[7.026s] INFO:colcon.colcon_core.shell:Creating package script '/home/ishara/cpp_pubsub/install/cpp_pubsub/share/cpp_pubsub/package.sh'
[7.027s] INFO:colcon.colcon_core.shell:Creating package script '/home/ishara/cpp_pubsub/install/cpp_pubsub/share/cpp_pubsub/package.bash'
[7.028s] INFO:colcon.colcon_core.shell:Creating package script '/home/ishara/cpp_pubsub/install/cpp_pubsub/share/cpp_pubsub/package.zsh'
[7.029s] Level 1:colcon.colcon_core.environment:create_file_with_runtime_dependencies(/home/ishara/cpp_pubsub/install/cpp_pubsub/share/colcon-core/packages/cpp_pubsub)
[7.029s] DEBUG:colcon.colcon_parallel_executor.executor.parallel:closing loop
[7.030s] DEBUG:colcon.colcon_parallel_executor.executor.parallel:loop closed
[7.030s] DEBUG:colcon.colcon_parallel_executor.executor.parallel:run_until_complete finished with '0'
[7.030s] DEBUG:colcon.colcon_core.event_reactor:joining thread
[7.039s] INFO:colcon.colcon_core.plugin_system:Skipping extension 'colcon_notification.desktop_notification.terminal_notifier': Not used on non-Darwin systems
[7.039s] INFO:colcon.colcon_core.plugin_system:Skipping extension 'colcon_notification.desktop_notification.win32': Not used on non-Windows systems
[7.039s] INFO:colcon.colcon_notification.desktop_notification:Sending desktop notification using 'notify2'
[7.062s] DEBUG:colcon.colcon_core.event_reactor:joined thread
[7.063s] INFO:colcon.colcon_core.shell:Creating prefix script '/home/ishara/cpp_pubsub/install/local_setup.ps1'
[7.065s] INFO:colcon.colcon_core.shell:Creating prefix util module '/home/ishara/cpp_pubsub/install/_local_setup_util_ps1.py'
[7.068s] INFO:colcon.colcon_core.shell:Creating prefix chain script '/home/ishara/cpp_pubsub/install/setup.ps1'
[7.070s] INFO:colcon.colcon_core.shell:Creating prefix script '/home/ishara/cpp_pubsub/install/local_setup.sh'
[7.072s] INFO:colcon.colcon_core.shell:Creating prefix util module '/home/ishara/cpp_pubsub/install/_local_setup_util_sh.py'
[7.073s] INFO:colcon.colcon_core.shell:Creating prefix chain script '/home/ishara/cpp_pubsub/install/setup.sh'
[7.076s] INFO:colcon.colcon_core.shell:Creating prefix script '/home/ishara/cpp_pubsub/install/local_setup.bash'
[7.077s] INFO:colcon.colcon_core.shell:Creating prefix chain script '/home/ishara/cpp_pubsub/install/setup.bash'
[7.079s] INFO:colcon.colcon_core.shell:Creating prefix script '/home/ishara/cpp_pubsub/install/local_setup.zsh'
[7.080s] INFO:colcon.colcon_core.shell:Creating prefix chain script '/home/ishara/cpp_pubsub/install/setup.zsh'
