[0.018s] Invoking command in '/home/ishara/cpp_pubsub/build/cpp_pubsub': CMAKE_PREFIX_PATH=${CMAKE_PREFIX_PATH}:/home/ishara/ros2_ws/install/my_robot_controller:/opt/ros/humble /usr/bin/cmake /home/ishara/cpp_pubsub/Ros2-Humble-Pub-Sub-Cpp/cpp_pubsub -DAMENT_CMAKE_SYMLINK_INSTALL=1 -DCMAKE_INSTALL_PREFIX=/home/ishara/cpp_pubsub/install/cpp_pubsub
[0.043s] -- Found ament_cmake: 1.3.10 (/opt/ros/humble/share/ament_cmake/cmake)
[0.216s] -- Override CMake install command with custom implementation using symlinks instead of copying resources
[0.252s] -- Found rclcpp: 16.0.10 (/opt/ros/humble/share/rclcpp/cmake)
[0.301s] -- Found rosidl_generator_c: 3.1.5 (/opt/ros/humble/share/rosidl_generator_c/cmake)
[0.304s] -- Found rosidl_adapter: 3.1.5 (/opt/ros/humble/share/rosidl_adapter/cmake)
[0.312s] -- Found rosidl_generator_cpp: 3.1.5 (/opt/ros/humble/share/rosidl_generator_cpp/cmake)
[0.325s] -- Using all available rosidl_typesupport_c: rosidl_typesupport_fastrtps_c;rosidl_typesupport_introspection_c
[0.343s] -- Using all available rosidl_typesupport_cpp: rosidl_typesupport_fastrtps_cpp;rosidl_typesupport_introspection_cpp
[0.386s] -- Found rmw_implementation_cmake: 6.1.2 (/opt/ros/humble/share/rmw_implementation_cmake/cmake)
[0.388s] -- Found rmw_fastrtps_cpp: 6.2.7 (/opt/ros/humble/share/rmw_fastrtps_cpp/cmake)
[0.523s] -- Using RMW implementation 'rmw_fastrtps_cpp' as default
[0.692s] -- Configuring done
[0.713s] -- Generating done
[0.716s] -- Build files have been written to: /home/ishara/cpp_pubsub/build/cpp_pubsub
[0.725s] Invoked command in '/home/ishara/cpp_pubsub/build/cpp_pubsub' returned '0': CMAKE_PREFIX_PATH=${CMAKE_PREFIX_PATH}:/home/ishara/ros2_ws/install/my_robot_controller:/opt/ros/humble /usr/bin/cmake /home/ishara/cpp_pubsub/Ros2-Humble-Pub-Sub-Cpp/cpp_pubsub -DAMENT_CMAKE_SYMLINK_INSTALL=1 -DCMAKE_INSTALL_PREFIX=/home/ishara/cpp_pubsub/install/cpp_pubsub
[0.730s] Invoking command in '/home/ishara/cpp_pubsub/build/cpp_pubsub': CMAKE_PREFIX_PATH=${CMAKE_PREFIX_PATH}:/home/ishara/ros2_ws/install/my_robot_controller:/opt/ros/humble /usr/bin/cmake --build /home/ishara/cpp_pubsub/build/cpp_pubsub -- -j6 -l6
[0.791s] [35m[1mConsolidate compiler generated dependencies of target talker[0m
[0.791s] [35m[1mConsolidate compiler generated dependencies of target custom_listener[0m
[0.794s] [35m[1mConsolidate compiler generated dependencies of target listener[0m
[0.803s] [ 16%] [32mBuilding CXX object CMakeFiles/custom_talker.dir/src/my_publisher.cpp.o[0m
[0.803s] [ 16%] [32mBuilding CXX object CMakeFiles/custom_talker.dir/src/pub_main.cpp.o[0m
[0.815s] [ 25%] [32m[1mLinking CXX executable custom_listener[0m
[0.817s] [ 33%] [32m[1mLinking CXX executable talker[0m
[0.824s] [ 41%] [32m[1mLinking CXX executable listener[0m
[1.163s] [ 58%] Built target talker
[1.473s] [ 75%] Built target custom_listener
[1.495s] [ 91%] Built target listener
[5.894s] [100%] [32m[1mLinking CXX executable custom_talker[0m
[6.139s] [100%] Built target custom_talker
[6.154s] Invoked command in '/home/ishara/cpp_pubsub/build/cpp_pubsub' returned '0': CMAKE_PREFIX_PATH=${CMAKE_PREFIX_PATH}:/home/ishara/ros2_ws/install/my_robot_controller:/opt/ros/humble /usr/bin/cmake --build /home/ishara/cpp_pubsub/build/cpp_pubsub -- -j6 -l6
[6.221s] Invoking command in '/home/ishara/cpp_pubsub/build/cpp_pubsub': CMAKE_PREFIX_PATH=${CMAKE_PREFIX_PATH}:/home/ishara/ros2_ws/install/my_robot_controller:/opt/ros/humble /usr/bin/cmake --install /home/ishara/cpp_pubsub/build/cpp_pubsub
[6.229s] -- Install configuration: ""
[6.230s] -- Execute custom install script
[6.230s] -- Symlinking: /home/ishara/cpp_pubsub/install/cpp_pubsub/lib/cpp_pubsub/talker
[6.241s] -- Symlinking: /home/ishara/cpp_pubsub/install/cpp_pubsub/lib/cpp_pubsub/listener
[6.252s] -- Symlinking: /home/ishara/cpp_pubsub/install/cpp_pubsub/lib/cpp_pubsub/custom_talker
[6.267s] -- Symlinking: /home/ishara/cpp_pubsub/install/cpp_pubsub/lib/cpp_pubsub/custom_listener
[6.280s] -- Symlinking: /home/ishara/cpp_pubsub/install/cpp_pubsub/share/ament_index/resource_index/package_run_dependencies/cpp_pubsub
[6.290s] -- Symlinking: /home/ishara/cpp_pubsub/install/cpp_pubsub/share/ament_index/resource_index/parent_prefix_path/cpp_pubsub
[6.300s] -- Symlinking: /home/ishara/cpp_pubsub/install/cpp_pubsub/share/cpp_pubsub/environment/ament_prefix_path.sh
[6.310s] -- Symlinking: /home/ishara/cpp_pubsub/install/cpp_pubsub/share/cpp_pubsub/environment/ament_prefix_path.dsv
[6.321s] -- Symlinking: /home/ishara/cpp_pubsub/install/cpp_pubsub/share/cpp_pubsub/environment/path.sh
[6.331s] -- Symlinking: /home/ishara/cpp_pubsub/install/cpp_pubsub/share/cpp_pubsub/environment/path.dsv
[6.341s] -- Symlinking: /home/ishara/cpp_pubsub/install/cpp_pubsub/share/cpp_pubsub/local_setup.bash
[6.351s] -- Symlinking: /home/ishara/cpp_pubsub/install/cpp_pubsub/share/cpp_pubsub/local_setup.sh
[6.362s] -- Symlinking: /home/ishara/cpp_pubsub/install/cpp_pubsub/share/cpp_pubsub/local_setup.zsh
[6.377s] -- Symlinking: /home/ishara/cpp_pubsub/install/cpp_pubsub/share/cpp_pubsub/local_setup.dsv
[6.390s] -- Symlinking: /home/ishara/cpp_pubsub/install/cpp_pubsub/share/cpp_pubsub/package.dsv
[6.400s] -- Symlinking: /home/ishara/cpp_pubsub/install/cpp_pubsub/share/ament_index/resource_index/packages/cpp_pubsub
[6.411s] -- Symlinking: /home/ishara/cpp_pubsub/install/cpp_pubsub/share/cpp_pubsub/cmake/cpp_pubsubConfig.cmake
[6.421s] -- Symlinking: /home/ishara/cpp_pubsub/install/cpp_pubsub/share/cpp_pubsub/cmake/cpp_pubsubConfig-version.cmake
[6.435s] -- Symlinking: /home/ishara/cpp_pubsub/install/cpp_pubsub/share/cpp_pubsub/package.xml
[6.452s] Invoked command in '/home/ishara/cpp_pubsub/build/cpp_pubsub' returned '0': CMAKE_PREFIX_PATH=${CMAKE_PREFIX_PATH}:/home/ishara/ros2_ws/install/my_robot_controller:/opt/ros/humble /usr/bin/cmake --install /home/ishara/cpp_pubsub/build/cpp_pubsub
