-- The C compiler identification is GNU 11.4.0
-- The CXX compiler identification is GNU 11.4.0
-- Detecting C compiler ABI info
-- Detecting C compiler ABI info - done
-- Check for working C compiler: /usr/bin/cc - skipped
-- Detecting C compile features
-- Detecting C compile features - done
-- Detecting CXX compiler ABI info
-- Detecting CXX compiler ABI info - done
-- Check for working CXX compiler: /usr/bin/c++ - skipped
-- Detecting CXX compile features
-- Detecting CXX compile features - done
-- Found ament_cmake: 1.3.10 (/opt/ros/humble/share/ament_cmake/cmake)
-- Found Python3: /usr/bin/python3 (found version "3.10.12") found components: Interpreter 
-- Override CMake install command with custom implementation using symlinks instead of copying resources
-- Found rclcpp: 16.0.10 (/opt/ros/humble/share/rclcpp/cmake)
-- Found rosidl_generator_c: 3.1.5 (/opt/ros/humble/share/rosidl_generator_c/cmake)
-- Found rosidl_adapter: 3.1.5 (/opt/ros/humble/share/rosidl_adapter/cmake)
-- Found rosidl_generator_cpp: 3.1.5 (/opt/ros/humble/share/rosidl_generator_cpp/cmake)
-- Using all available rosidl_typesupport_c: rosidl_typesupport_fastrtps_c;rosidl_typesupport_introspection_c
-- Using all available rosidl_typesupport_cpp: rosidl_typesupport_fastrtps_cpp;rosidl_typesupport_introspection_cpp
-- Found rmw_implementation_cmake: 6.1.2 (/opt/ros/humble/share/rmw_implementation_cmake/cmake)
-- Found rmw_fastrtps_cpp: 6.2.7 (/opt/ros/humble/share/rmw_fastrtps_cpp/cmake)
-- Found OpenSSL: /usr/lib/x86_64-linux-gnu/libcrypto.so (found version "3.0.2")  
-- Found FastRTPS: /opt/ros/humble/include  
-- Using RMW implementation 'rmw_fastrtps_cpp' as default
-- Looking for pthread.h
-- Looking for pthread.h - found
-- Performing Test CMAKE_HAVE_LIBC_PTHREAD
-- Performing Test CMAKE_HAVE_LIBC_PTHREAD - Success
-- Found Threads: TRUE  
-- Configuring done
-- Generating done
-- Build files have been written to: /home/ishara/cpp_pubsub/Ros2-Humble-Pub-Sub-Cpp/build/cpp_pubsub
[ 66%] [32mBuilding CXX object CMakeFiles/listener.dir/src/my_subscriber.cpp.o[0m
[ 66%] [32mBuilding CXX object CMakeFiles/listener.dir/src/sub_main.cpp.o[0m
[ 66%] [32mBuilding CXX object CMakeFiles/talker.dir/src/pub_main.cpp.o[0m
[ 66%] [32mBuilding CXX object CMakeFiles/talker.dir/src/my_publisher.cpp.o[0m
[ 83%] [32m[1mLinking CXX executable talker[0m
[ 83%] Built target talker
[100%] [32m[1mLinking CXX executable listener[0m
[100%] Built target listener
-- Install configuration: ""
-- Execute custom install script
-- Symlinking: /home/ishara/cpp_pubsub/Ros2-Humble-Pub-Sub-Cpp/install/cpp_pubsub/lib/cpp_pubsub/talker
-- Symlinking: /home/ishara/cpp_pubsub/Ros2-Humble-Pub-Sub-Cpp/install/cpp_pubsub/lib/cpp_pubsub/listener
-- Symlinking: /home/ishara/cpp_pubsub/Ros2-Humble-Pub-Sub-Cpp/install/cpp_pubsub/share/ament_index/resource_index/package_run_dependencies/cpp_pubsub
-- Symlinking: /home/ishara/cpp_pubsub/Ros2-Humble-Pub-Sub-Cpp/install/cpp_pubsub/share/ament_index/resource_index/parent_prefix_path/cpp_pubsub
-- Symlinking: /home/ishara/cpp_pubsub/Ros2-Humble-Pub-Sub-Cpp/install/cpp_pubsub/share/cpp_pubsub/environment/ament_prefix_path.sh
-- Symlinking: /home/ishara/cpp_pubsub/Ros2-Humble-Pub-Sub-Cpp/install/cpp_pubsub/share/cpp_pubsub/environment/ament_prefix_path.dsv
-- Symlinking: /home/ishara/cpp_pubsub/Ros2-Humble-Pub-Sub-Cpp/install/cpp_pubsub/share/cpp_pubsub/environment/path.sh
-- Symlinking: /home/ishara/cpp_pubsub/Ros2-Humble-Pub-Sub-Cpp/install/cpp_pubsub/share/cpp_pubsub/environment/path.dsv
-- Symlinking: /home/ishara/cpp_pubsub/Ros2-Humble-Pub-Sub-Cpp/install/cpp_pubsub/share/cpp_pubsub/local_setup.bash
-- Symlinking: /home/ishara/cpp_pubsub/Ros2-Humble-Pub-Sub-Cpp/install/cpp_pubsub/share/cpp_pubsub/local_setup.sh
-- Symlinking: /home/ishara/cpp_pubsub/Ros2-Humble-Pub-Sub-Cpp/install/cpp_pubsub/share/cpp_pubsub/local_setup.zsh
-- Symlinking: /home/ishara/cpp_pubsub/Ros2-Humble-Pub-Sub-Cpp/install/cpp_pubsub/share/cpp_pubsub/local_setup.dsv
-- Symlinking: /home/ishara/cpp_pubsub/Ros2-Humble-Pub-Sub-Cpp/install/cpp_pubsub/share/cpp_pubsub/package.dsv
-- Symlinking: /home/ishara/cpp_pubsub/Ros2-Humble-Pub-Sub-Cpp/install/cpp_pubsub/share/ament_index/resource_index/packages/cpp_pubsub
-- Symlinking: /home/ishara/cpp_pubsub/Ros2-Humble-Pub-Sub-Cpp/install/cpp_pubsub/share/cpp_pubsub/cmake/cpp_pubsubConfig.cmake
-- Symlinking: /home/ishara/cpp_pubsub/Ros2-Humble-Pub-Sub-Cpp/install/cpp_pubsub/share/cpp_pubsub/cmake/cpp_pubsubConfig-version.cmake
-- Symlinking: /home/ishara/cpp_pubsub/Ros2-Humble-Pub-Sub-Cpp/install/cpp_pubsub/share/cpp_pubsub/package.xml
