[0.010s] Invoking command in '/home/ishara/cpp_pubsub/Ros2-Humble-Pub-Sub-Cpp/build/cpp_pubsub': CMAKE_PREFIX_PATH=${CMAKE_PREFIX_PATH}:/home/ishara/ros2_ws/install/my_robot_controller:/opt/ros/humble /usr/bin/cmake /home/ishara/cpp_pubsub/Ros2-Humble-Pub-Sub-Cpp/cpp_pubsub -DAMENT_CMAKE_SYMLINK_INSTALL=1 -DCMAKE_INSTALL_PREFIX=/home/ishara/cpp_pubsub/Ros2-Humble-Pub-Sub-Cpp/install/cpp_pubsub
[0.928s] -- The C compiler identification is GNU 11.4.0
[1.418s] -- The CXX compiler identification is GNU 11.4.0
[1.429s] -- Detecting C compiler ABI info
[1.609s] -- Detecting C compiler ABI info - done
[1.627s] -- Check for working C compiler: /usr/bin/cc - skipped
[1.628s] -- Detecting C compile features
[1.649s] -- Detecting C compile features - done
[1.656s] -- Detecting CXX compiler ABI info
[1.777s] -- Detecting CXX compiler ABI info - done
[1.784s] -- Check for working CXX compiler: /usr/bin/c++ - skipped
[1.784s] -- Detecting CXX compile features
[1.784s] -- Detecting CXX compile features - done
[1.909s] -- Found ament_cmake: 1.3.10 (/opt/ros/humble/share/ament_cmake/cmake)
[2.194s] -- Found Python3: /usr/bin/python3 (found version "3.10.12") found components: Interpreter 
[2.364s] -- Override CMake install command with custom implementation using symlinks instead of copying resources
[2.657s] -- Found rclcpp: 16.0.10 (/opt/ros/humble/share/rclcpp/cmake)
[2.993s] -- Found rosidl_generator_c: 3.1.5 (/opt/ros/humble/share/rosidl_generator_c/cmake)
[3.046s] -- Found rosidl_adapter: 3.1.5 (/opt/ros/humble/share/rosidl_adapter/cmake)
[3.093s] -- Found rosidl_generator_cpp: 3.1.5 (/opt/ros/humble/share/rosidl_generator_cpp/cmake)
[3.182s] -- Using all available rosidl_typesupport_c: rosidl_typesupport_fastrtps_c;rosidl_typesupport_introspection_c
[3.252s] -- Using all available rosidl_typesupport_cpp: rosidl_typesupport_fastrtps_cpp;rosidl_typesupport_introspection_cpp
[3.461s] -- Found rmw_implementation_cmake: 6.1.2 (/opt/ros/humble/share/rmw_implementation_cmake/cmake)
[3.484s] -- Found rmw_fastrtps_cpp: 6.2.7 (/opt/ros/humble/share/rmw_fastrtps_cpp/cmake)
[3.823s] -- Found OpenSSL: /usr/lib/x86_64-linux-gnu/libcrypto.so (found version "3.0.2")  
[3.866s] -- Found FastRTPS: /opt/ros/humble/include  
[3.901s] -- Using RMW implementation 'rmw_fastrtps_cpp' as default
[3.984s] -- Looking for pthread.h
[4.102s] -- Looking for pthread.h - found
[4.103s] -- Performing Test CMAKE_HAVE_LIBC_PTHREAD
[4.174s] -- Performing Test CMAKE_HAVE_LIBC_PTHREAD - Success
[4.175s] -- Found Threads: TRUE  
[4.452s] -- Configuring done
[4.474s] -- Generating done
[4.477s] -- Build files have been written to: /home/ishara/cpp_pubsub/Ros2-Humble-Pub-Sub-Cpp/build/cpp_pubsub
[4.488s] Invoked command in '/home/ishara/cpp_pubsub/Ros2-Humble-Pub-Sub-Cpp/build/cpp_pubsub' returned '0': CMAKE_PREFIX_PATH=${CMAKE_PREFIX_PATH}:/home/ishara/ros2_ws/install/my_robot_controller:/opt/ros/humble /usr/bin/cmake /home/ishara/cpp_pubsub/Ros2-Humble-Pub-Sub-Cpp/cpp_pubsub -DAMENT_CMAKE_SYMLINK_INSTALL=1 -DCMAKE_INSTALL_PREFIX=/home/ishara/cpp_pubsub/Ros2-Humble-Pub-Sub-Cpp/install/cpp_pubsub
[4.490s] Invoking command in '/home/ishara/cpp_pubsub/Ros2-Humble-Pub-Sub-Cpp/build/cpp_pubsub': CMAKE_PREFIX_PATH=${CMAKE_PREFIX_PATH}:/home/ishara/ros2_ws/install/my_robot_controller:/opt/ros/humble /usr/bin/cmake --build /home/ishara/cpp_pubsub/Ros2-Humble-Pub-Sub-Cpp/build/cpp_pubsub -- -j6 -l6
[4.548s] [ 66%] [32mBuilding CXX object CMakeFiles/listener.dir/src/my_subscriber.cpp.o[0m
[4.549s] [ 66%] [32mBuilding CXX object CMakeFiles/listener.dir/src/sub_main.cpp.o[0m
[4.549s] [ 66%] [32mBuilding CXX object CMakeFiles/talker.dir/src/pub_main.cpp.o[0m
[4.549s] [ 66%] [32mBuilding CXX object CMakeFiles/talker.dir/src/my_publisher.cpp.o[0m
[9.086s] [ 83%] [32m[1mLinking CXX executable talker[0m
[9.544s] [ 83%] Built target talker
[12.165s] [100%] [32m[1mLinking CXX executable listener[0m
[12.556s] [100%] Built target listener
[12.568s] Invoked command in '/home/ishara/cpp_pubsub/Ros2-Humble-Pub-Sub-Cpp/build/cpp_pubsub' returned '0': CMAKE_PREFIX_PATH=${CMAKE_PREFIX_PATH}:/home/ishara/ros2_ws/install/my_robot_controller:/opt/ros/humble /usr/bin/cmake --build /home/ishara/cpp_pubsub/Ros2-Humble-Pub-Sub-Cpp/build/cpp_pubsub -- -j6 -l6
[12.608s] Invoking command in '/home/ishara/cpp_pubsub/Ros2-Humble-Pub-Sub-Cpp/build/cpp_pubsub': CMAKE_PREFIX_PATH=${CMAKE_PREFIX_PATH}:/home/ishara/ros2_ws/install/my_robot_controller:/opt/ros/humble /usr/bin/cmake --install /home/ishara/cpp_pubsub/Ros2-Humble-Pub-Sub-Cpp/build/cpp_pubsub
[12.614s] -- Install configuration: ""
[12.615s] -- Execute custom install script
[12.615s] -- Symlinking: /home/ishara/cpp_pubsub/Ros2-Humble-Pub-Sub-Cpp/install/cpp_pubsub/lib/cpp_pubsub/talker
[12.627s] -- Symlinking: /home/ishara/cpp_pubsub/Ros2-Humble-Pub-Sub-Cpp/install/cpp_pubsub/lib/cpp_pubsub/listener
[12.642s] -- Symlinking: /home/ishara/cpp_pubsub/Ros2-Humble-Pub-Sub-Cpp/install/cpp_pubsub/share/ament_index/resource_index/package_run_dependencies/cpp_pubsub
[12.657s] -- Symlinking: /home/ishara/cpp_pubsub/Ros2-Humble-Pub-Sub-Cpp/install/cpp_pubsub/share/ament_index/resource_index/parent_prefix_path/cpp_pubsub
[12.670s] -- Symlinking: /home/ishara/cpp_pubsub/Ros2-Humble-Pub-Sub-Cpp/install/cpp_pubsub/share/cpp_pubsub/environment/ament_prefix_path.sh
[12.678s] -- Symlinking: /home/ishara/cpp_pubsub/Ros2-Humble-Pub-Sub-Cpp/install/cpp_pubsub/share/cpp_pubsub/environment/ament_prefix_path.dsv
[12.686s] -- Symlinking: /home/ishara/cpp_pubsub/Ros2-Humble-Pub-Sub-Cpp/install/cpp_pubsub/share/cpp_pubsub/environment/path.sh
[12.694s] -- Symlinking: /home/ishara/cpp_pubsub/Ros2-Humble-Pub-Sub-Cpp/install/cpp_pubsub/share/cpp_pubsub/environment/path.dsv
[12.703s] -- Symlinking: /home/ishara/cpp_pubsub/Ros2-Humble-Pub-Sub-Cpp/install/cpp_pubsub/share/cpp_pubsub/local_setup.bash
[12.710s] -- Symlinking: /home/ishara/cpp_pubsub/Ros2-Humble-Pub-Sub-Cpp/install/cpp_pubsub/share/cpp_pubsub/local_setup.sh
[12.718s] -- Symlinking: /home/ishara/cpp_pubsub/Ros2-Humble-Pub-Sub-Cpp/install/cpp_pubsub/share/cpp_pubsub/local_setup.zsh
[12.725s] -- Symlinking: /home/ishara/cpp_pubsub/Ros2-Humble-Pub-Sub-Cpp/install/cpp_pubsub/share/cpp_pubsub/local_setup.dsv
[12.733s] -- Symlinking: /home/ishara/cpp_pubsub/Ros2-Humble-Pub-Sub-Cpp/install/cpp_pubsub/share/cpp_pubsub/package.dsv
[12.741s] -- Symlinking: /home/ishara/cpp_pubsub/Ros2-Humble-Pub-Sub-Cpp/install/cpp_pubsub/share/ament_index/resource_index/packages/cpp_pubsub
[12.756s] -- Symlinking: /home/ishara/cpp_pubsub/Ros2-Humble-Pub-Sub-Cpp/install/cpp_pubsub/share/cpp_pubsub/cmake/cpp_pubsubConfig.cmake
[12.770s] -- Symlinking: /home/ishara/cpp_pubsub/Ros2-Humble-Pub-Sub-Cpp/install/cpp_pubsub/share/cpp_pubsub/cmake/cpp_pubsubConfig-version.cmake
[12.785s] -- Symlinking: /home/ishara/cpp_pubsub/Ros2-Humble-Pub-Sub-Cpp/install/cpp_pubsub/share/cpp_pubsub/package.xml
[12.795s] Invoked command in '/home/ishara/cpp_pubsub/Ros2-Humble-Pub-Sub-Cpp/build/cpp_pubsub' returned '0': CMAKE_PREFIX_PATH=${CMAKE_PREFIX_PATH}:/home/ishara/ros2_ws/install/my_robot_controller:/opt/ros/humble /usr/bin/cmake --install /home/ishara/cpp_pubsub/Ros2-Humble-Pub-Sub-Cpp/build/cpp_pubsub
