[1.285s] DEBUG:colcon:Command line arguments: ['/usr/bin/colcon', 'build']
[1.286s] DEBUG:colcon:Parsed command line arguments: Namespace(log_base=None, log_level=None, verb_name='build', build_base='build', install_base='install', merge_install=False, symlink_install=False, test_result_base=None, continue_on_error=False, executor='parallel', parallel_workers=6, event_handlers=None, ignore_user_meta=False, metas=['./colcon.meta'], base_paths=['.'], packages_ignore=None, packages_ignore_regex=None, paths=None, packages_up_to=None, packages_up_to_regex=None, packages_above=None, packages_above_and_dependencies=None, packages_above_depth=None, packages_select_by_dep=None, packages_skip_by_dep=None, packages_skip_up_to=None, packages_select_build_failed=False, packages_skip_build_finished=False, packages_select_test_failures=False, packages_skip_test_passed=False, packages_select=None, packages_skip=None, packages_select_regex=None, packages_skip_regex=None, packages_start=None, packages_end=None, allow_overriding=[], cmake_args=None, cmake_target=None, cmake_target_skip_unavailable=False, cmake_clean_cache=False, cmake_clean_first=False, cmake_force_configure=False, ament_cmake_args=None, catkin_cmake_args=None, catkin_skip_building_tests=False, mixin_files=None, mixin=None, verb_parser=<colcon_mixin.mixin.mixin_argument.MixinArgumentDecorator object at 0x75ee72cde560>, verb_extension=<colcon_core.verb.build.BuildVerb object at 0x75ee72cde050>, main=<bound method BuildVerb.main of <colcon_core.verb.build.BuildVerb object at 0x75ee72cde050>>, mixin_verb=('build',))
[5.696s] Level 1:colcon.colcon_core.package_discovery:discover_packages(colcon_meta) check parameters
[5.696s] Level 1:colcon.colcon_core.package_discovery:discover_packages(recursive) check parameters
[5.696s] Level 1:colcon.colcon_core.package_discovery:discover_packages(ignore) check parameters
[5.697s] Level 1:colcon.colcon_core.package_discovery:discover_packages(path) check parameters
[5.697s] Level 1:colcon.colcon_core.package_discovery:discover_packages(colcon_meta) discover
[5.697s] Level 1:colcon.colcon_core.package_discovery:discover_packages(recursive) discover
[5.697s] INFO:colcon.colcon_core.package_discovery:Crawling recursively for packages in '/home/ishara/cpp_pubsub'
[5.697s] Level 1:colcon.colcon_core.package_identification:_identify(.) by extensions ['ignore', 'ignore_ament_install']
[5.697s] Level 1:colcon.colcon_core.package_identification:_identify(.) by extension 'ignore'
[5.697s] Level 1:colcon.colcon_core.package_identification:_identify(.) by extension 'ignore_ament_install'
[5.697s] Level 1:colcon.colcon_core.package_identification:_identify(.) by extensions ['colcon_pkg']
[5.697s] Level 1:colcon.colcon_core.package_identification:_identify(.) by extension 'colcon_pkg'
[5.698s] Level 1:colcon.colcon_core.package_identification:_identify(.) by extensions ['colcon_meta']
[5.698s] Level 1:colcon.colcon_core.package_identification:_identify(.) by extension 'colcon_meta'
[5.698s] Level 1:colcon.colcon_core.package_identification:_identify(.) by extensions ['ros']
[5.698s] Level 1:colcon.colcon_core.package_identification:_identify(.) by extension 'ros'
[5.758s] Level 1:colcon.colcon_core.package_identification:_identify(.) by extensions ['cmake', 'python']
[5.758s] Level 1:colcon.colcon_core.package_identification:_identify(.) by extension 'cmake'
[5.758s] Level 1:colcon.colcon_core.package_identification:_identify(.) by extension 'python'
[5.758s] Level 1:colcon.colcon_core.package_identification:_identify(.) by extensions ['python_setup_py']
[5.758s] Level 1:colcon.colcon_core.package_identification:_identify(.) by extension 'python_setup_py'
[5.759s] Level 1:colcon.colcon_core.package_identification:_identify(Ros2-Humble-Pub-Sub-Cpp) by extensions ['ignore', 'ignore_ament_install']
[5.759s] Level 1:colcon.colcon_core.package_identification:_identify(Ros2-Humble-Pub-Sub-Cpp) by extension 'ignore'
[5.759s] Level 1:colcon.colcon_core.package_identification:_identify(Ros2-Humble-Pub-Sub-Cpp) by extension 'ignore_ament_install'
[5.759s] Level 1:colcon.colcon_core.package_identification:_identify(Ros2-Humble-Pub-Sub-Cpp) by extensions ['colcon_pkg']
[5.759s] Level 1:colcon.colcon_core.package_identification:_identify(Ros2-Humble-Pub-Sub-Cpp) by extension 'colcon_pkg'
[5.759s] Level 1:colcon.colcon_core.package_identification:_identify(Ros2-Humble-Pub-Sub-Cpp) by extensions ['colcon_meta']
[5.759s] Level 1:colcon.colcon_core.package_identification:_identify(Ros2-Humble-Pub-Sub-Cpp) by extension 'colcon_meta'
[5.759s] Level 1:colcon.colcon_core.package_identification:_identify(Ros2-Humble-Pub-Sub-Cpp) by extensions ['ros']
[5.759s] Level 1:colcon.colcon_core.package_identification:_identify(Ros2-Humble-Pub-Sub-Cpp) by extension 'ros'
[5.760s] Level 1:colcon.colcon_core.package_identification:_identify(Ros2-Humble-Pub-Sub-Cpp) by extensions ['cmake', 'python']
[5.760s] Level 1:colcon.colcon_core.package_identification:_identify(Ros2-Humble-Pub-Sub-Cpp) by extension 'cmake'
[5.760s] Level 1:colcon.colcon_core.package_identification:_identify(Ros2-Humble-Pub-Sub-Cpp) by extension 'python'
[5.760s] Level 1:colcon.colcon_core.package_identification:_identify(Ros2-Humble-Pub-Sub-Cpp) by extensions ['python_setup_py']
[5.760s] Level 1:colcon.colcon_core.package_identification:_identify(Ros2-Humble-Pub-Sub-Cpp) by extension 'python_setup_py'
[5.760s] Level 1:colcon.colcon_core.package_identification:_identify(Ros2-Humble-Pub-Sub-Cpp/build) by extensions ['ignore', 'ignore_ament_install']
[5.760s] Level 1:colcon.colcon_core.package_identification:_identify(Ros2-Humble-Pub-Sub-Cpp/build) by extension 'ignore'
[5.760s] Level 1:colcon.colcon_core.package_identification:_identify(Ros2-Humble-Pub-Sub-Cpp/build) ignored
[5.761s] Level 1:colcon.colcon_core.package_identification:_identify(Ros2-Humble-Pub-Sub-Cpp/cpp_pubsub) by extensions ['ignore', 'ignore_ament_install']
[5.761s] Level 1:colcon.colcon_core.package_identification:_identify(Ros2-Humble-Pub-Sub-Cpp/cpp_pubsub) by extension 'ignore'
[5.761s] Level 1:colcon.colcon_core.package_identification:_identify(Ros2-Humble-Pub-Sub-Cpp/cpp_pubsub) by extension 'ignore_ament_install'
[5.761s] Level 1:colcon.colcon_core.package_identification:_identify(Ros2-Humble-Pub-Sub-Cpp/cpp_pubsub) by extensions ['colcon_pkg']
[5.761s] Level 1:colcon.colcon_core.package_identification:_identify(Ros2-Humble-Pub-Sub-Cpp/cpp_pubsub) by extension 'colcon_pkg'
[5.761s] Level 1:colcon.colcon_core.package_identification:_identify(Ros2-Humble-Pub-Sub-Cpp/cpp_pubsub) by extensions ['colcon_meta']
[5.761s] Level 1:colcon.colcon_core.package_identification:_identify(Ros2-Humble-Pub-Sub-Cpp/cpp_pubsub) by extension 'colcon_meta'
[5.761s] Level 1:colcon.colcon_core.package_identification:_identify(Ros2-Humble-Pub-Sub-Cpp/cpp_pubsub) by extensions ['ros']
[5.761s] Level 1:colcon.colcon_core.package_identification:_identify(Ros2-Humble-Pub-Sub-Cpp/cpp_pubsub) by extension 'ros'
[5.767s] DEBUG:colcon.colcon_core.package_identification:Package 'Ros2-Humble-Pub-Sub-Cpp/cpp_pubsub' with type 'ros.ament_cmake' and name 'cpp_pubsub'
[5.767s] Level 1:colcon.colcon_core.package_identification:_identify(Ros2-Humble-Pub-Sub-Cpp/install) by extensions ['ignore', 'ignore_ament_install']
[5.767s] Level 1:colcon.colcon_core.package_identification:_identify(Ros2-Humble-Pub-Sub-Cpp/install) by extension 'ignore'
[5.767s] Level 1:colcon.colcon_core.package_identification:_identify(Ros2-Humble-Pub-Sub-Cpp/install) ignored
[5.768s] Level 1:colcon.colcon_core.package_identification:_identify(Ros2-Humble-Pub-Sub-Cpp/log) by extensions ['ignore', 'ignore_ament_install']
[5.768s] Level 1:colcon.colcon_core.package_identification:_identify(Ros2-Humble-Pub-Sub-Cpp/log) by extension 'ignore'
[5.768s] Level 1:colcon.colcon_core.package_identification:_identify(Ros2-Humble-Pub-Sub-Cpp/log) ignored
[5.785s] Level 1:colcon.colcon_core.package_identification:_identify(build) by extensions ['ignore', 'ignore_ament_install']
[5.785s] Level 1:colcon.colcon_core.package_identification:_identify(build) by extension 'ignore'
[5.785s] Level 1:colcon.colcon_core.package_identification:_identify(build) ignored
[5.785s] Level 1:colcon.colcon_core.package_identification:_identify(install) by extensions ['ignore', 'ignore_ament_install']
[5.785s] Level 1:colcon.colcon_core.package_identification:_identify(install) by extension 'ignore'
[5.786s] Level 1:colcon.colcon_core.package_identification:_identify(install) ignored
[5.786s] Level 1:colcon.colcon_core.package_identification:_identify(log) by extensions ['ignore', 'ignore_ament_install']
[5.786s] Level 1:colcon.colcon_core.package_identification:_identify(log) by extension 'ignore'
[5.786s] Level 1:colcon.colcon_core.package_identification:_identify(log) ignored
[5.786s] Level 1:colcon.colcon_core.package_discovery:discover_packages(recursive) using defaults
[5.786s] Level 1:colcon.colcon_core.package_discovery:discover_packages(ignore) discover
[5.786s] Level 1:colcon.colcon_core.package_discovery:discover_packages(ignore) using defaults
[5.786s] Level 1:colcon.colcon_core.package_discovery:discover_packages(path) discover
[5.786s] Level 1:colcon.colcon_core.package_discovery:discover_packages(path) using defaults
[6.067s] Level 1:colcon.colcon_core.package_discovery:discover_packages(prefix_path) check parameters
[6.067s] Level 1:colcon.colcon_core.package_discovery:discover_packages(prefix_path) discover
[6.185s] DEBUG:colcon.colcon_installed_package_information.package_discovery:Found 1 installed packages in /home/ishara/cpp_pubsub/install
[6.186s] DEBUG:colcon.colcon_installed_package_information.package_discovery:Found 1 installed packages in /home/ishara/ros2_ws/install
[6.187s] DEBUG:colcon.colcon_installed_package_information.package_discovery:Found 7 installed packages in /home/ishara/prelab_ros2_ws/install
[6.190s] DEBUG:colcon.colcon_installed_package_information.package_discovery:Found 271 installed packages in /opt/ros/humble
[6.217s] Level 1:colcon.colcon_core.package_discovery:discover_packages(prefix_path) using defaults
[6.376s] Level 5:colcon.colcon_core.verb:set package 'cpp_pubsub' build argument 'cmake_args' from command line to 'None'
[6.376s] Level 5:colcon.colcon_core.verb:set package 'cpp_pubsub' build argument 'cmake_target' from command line to 'None'
[6.376s] Level 5:colcon.colcon_core.verb:set package 'cpp_pubsub' build argument 'cmake_target_skip_unavailable' from command line to 'False'
[6.376s] Level 5:colcon.colcon_core.verb:set package 'cpp_pubsub' build argument 'cmake_clean_cache' from command line to 'False'
[6.376s] Level 5:colcon.colcon_core.verb:set package 'cpp_pubsub' build argument 'cmake_clean_first' from command line to 'False'
[6.377s] Level 5:colcon.colcon_core.verb:set package 'cpp_pubsub' build argument 'cmake_force_configure' from command line to 'False'
[6.377s] Level 5:colcon.colcon_core.verb:set package 'cpp_pubsub' build argument 'ament_cmake_args' from command line to 'None'
[6.377s] Level 5:colcon.colcon_core.verb:set package 'cpp_pubsub' build argument 'catkin_cmake_args' from command line to 'None'
[6.377s] Level 5:colcon.colcon_core.verb:set package 'cpp_pubsub' build argument 'catkin_skip_building_tests' from command line to 'False'
[6.377s] DEBUG:colcon.colcon_core.verb:Building package 'cpp_pubsub' with the following arguments: {'ament_cmake_args': None, 'build_base': '/home/ishara/cpp_pubsub/build/cpp_pubsub', 'catkin_cmake_args': None, 'catkin_skip_building_tests': False, 'cmake_args': None, 'cmake_clean_cache': False, 'cmake_clean_first': False, 'cmake_force_configure': False, 'cmake_target': None, 'cmake_target_skip_unavailable': False, 'install_base': '/home/ishara/cpp_pubsub/install/cpp_pubsub', 'merge_install': False, 'path': '/home/ishara/cpp_pubsub/Ros2-Humble-Pub-Sub-Cpp/cpp_pubsub', 'symlink_install': False, 'test_result_base': None}
[6.377s] INFO:colcon.colcon_core.executor:Executing jobs using 'parallel' executor
[6.378s] DEBUG:colcon.colcon_parallel_executor.executor.parallel:run_until_complete
[6.379s] INFO:colcon.colcon_ros.task.ament_cmake.build:Building ROS package in '/home/ishara/cpp_pubsub/Ros2-Humble-Pub-Sub-Cpp/cpp_pubsub' with build type 'ament_cmake'
[6.379s] INFO:colcon.colcon_cmake.task.cmake.build:Building CMake package in '/home/ishara/cpp_pubsub/Ros2-Humble-Pub-Sub-Cpp/cpp_pubsub'
[6.383s] INFO:colcon.colcon_core.plugin_system:Skipping extension 'colcon_core.shell.bat': Not used on non-Windows systems
[6.383s] INFO:colcon.colcon_core.shell:Skip shell extension 'powershell' for command environment: Not usable outside of PowerShell
[6.383s] DEBUG:colcon.colcon_core.shell:Skip shell extension 'dsv' for command environment
[6.484s] DEBUG:colcon.colcon_core.event_handler.log_command:Invoking command in '/home/ishara/cpp_pubsub/build/cpp_pubsub': CMAKE_PREFIX_PATH=${CMAKE_PREFIX_PATH}:/home/ishara/ros2_ws/install/my_robot_controller:/opt/ros/humble /usr/bin/cmake --build /home/ishara/cpp_pubsub/build/cpp_pubsub -- -j6 -l6
[19.824s] DEBUG:colcon.colcon_core.event_handler.log_command:Invoked command in '/home/ishara/cpp_pubsub/build/cpp_pubsub' returned '0': CMAKE_PREFIX_PATH=${CMAKE_PREFIX_PATH}:/home/ishara/ros2_ws/install/my_robot_controller:/opt/ros/humble /usr/bin/cmake --build /home/ishara/cpp_pubsub/build/cpp_pubsub -- -j6 -l6
[19.884s] DEBUG:colcon.colcon_core.event_handler.log_command:Invoking command in '/home/ishara/cpp_pubsub/build/cpp_pubsub': CMAKE_PREFIX_PATH=${CMAKE_PREFIX_PATH}:/home/ishara/ros2_ws/install/my_robot_controller:/opt/ros/humble /usr/bin/cmake --install /home/ishara/cpp_pubsub/build/cpp_pubsub
[20.018s] Level 1:colcon.colcon_core.environment:create_environment_scripts_only(cpp_pubsub)
[20.019s] DEBUG:colcon.colcon_core.event_handler.log_command:Invoked command in '/home/ishara/cpp_pubsub/build/cpp_pubsub' returned '0': CMAKE_PREFIX_PATH=${CMAKE_PREFIX_PATH}:/home/ishara/ros2_ws/install/my_robot_controller:/opt/ros/humble /usr/bin/cmake --install /home/ishara/cpp_pubsub/build/cpp_pubsub
[20.023s] Level 1:colcon.colcon_core.environment:checking '/home/ishara/cpp_pubsub/install/cpp_pubsub' for CMake module files
[20.024s] Level 1:colcon.colcon_core.environment:checking '/home/ishara/cpp_pubsub/install/cpp_pubsub' for CMake config files
[20.025s] Level 1:colcon.colcon_core.shell:create_environment_hook('cpp_pubsub', 'cmake_prefix_path')
[20.026s] INFO:colcon.colcon_core.shell:Creating environment hook '/home/ishara/cpp_pubsub/install/cpp_pubsub/share/cpp_pubsub/hook/cmake_prefix_path.ps1'
[20.027s] INFO:colcon.colcon_core.shell:Creating environment descriptor '/home/ishara/cpp_pubsub/install/cpp_pubsub/share/cpp_pubsub/hook/cmake_prefix_path.dsv'
[20.028s] INFO:colcon.colcon_core.shell:Creating environment hook '/home/ishara/cpp_pubsub/install/cpp_pubsub/share/cpp_pubsub/hook/cmake_prefix_path.sh'
[20.029s] Level 1:colcon.colcon_core.environment:checking '/home/ishara/cpp_pubsub/install/cpp_pubsub/lib'
[20.029s] Level 1:colcon.colcon_core.environment:checking '/home/ishara/cpp_pubsub/install/cpp_pubsub/bin'
[20.030s] Level 1:colcon.colcon_core.environment:checking '/home/ishara/cpp_pubsub/install/cpp_pubsub/lib/pkgconfig/cpp_pubsub.pc'
[20.030s] Level 1:colcon.colcon_core.environment:checking '/home/ishara/cpp_pubsub/install/cpp_pubsub/lib/python3.10/site-packages'
[20.030s] Level 1:colcon.colcon_core.environment:checking '/home/ishara/cpp_pubsub/install/cpp_pubsub/bin'
[20.031s] INFO:colcon.colcon_core.shell:Creating package script '/home/ishara/cpp_pubsub/install/cpp_pubsub/share/cpp_pubsub/package.ps1'
[20.033s] INFO:colcon.colcon_core.shell:Creating package descriptor '/home/ishara/cpp_pubsub/install/cpp_pubsub/share/cpp_pubsub/package.dsv'
[20.034s] INFO:colcon.colcon_core.shell:Creating package script '/home/ishara/cpp_pubsub/install/cpp_pubsub/share/cpp_pubsub/package.sh'
[20.035s] INFO:colcon.colcon_core.shell:Creating package script '/home/ishara/cpp_pubsub/install/cpp_pubsub/share/cpp_pubsub/package.bash'
[20.036s] INFO:colcon.colcon_core.shell:Creating package script '/home/ishara/cpp_pubsub/install/cpp_pubsub/share/cpp_pubsub/package.zsh'
[20.038s] Level 1:colcon.colcon_core.environment:create_file_with_runtime_dependencies(/home/ishara/cpp_pubsub/install/cpp_pubsub/share/colcon-core/packages/cpp_pubsub)
[20.068s] Level 1:colcon.colcon_core.environment:create_environment_scripts_only(cpp_pubsub)
[20.068s] Level 1:colcon.colcon_core.environment:checking '/home/ishara/cpp_pubsub/install/cpp_pubsub' for CMake module files
[20.069s] Level 1:colcon.colcon_core.environment:checking '/home/ishara/cpp_pubsub/install/cpp_pubsub' for CMake config files
[20.069s] Level 1:colcon.colcon_core.shell:create_environment_hook('cpp_pubsub', 'cmake_prefix_path')
[20.070s] INFO:colcon.colcon_core.shell:Creating environment hook '/home/ishara/cpp_pubsub/install/cpp_pubsub/share/cpp_pubsub/hook/cmake_prefix_path.ps1'
[20.071s] INFO:colcon.colcon_core.shell:Creating environment descriptor '/home/ishara/cpp_pubsub/install/cpp_pubsub/share/cpp_pubsub/hook/cmake_prefix_path.dsv'
[20.071s] INFO:colcon.colcon_core.shell:Creating environment hook '/home/ishara/cpp_pubsub/install/cpp_pubsub/share/cpp_pubsub/hook/cmake_prefix_path.sh'
[20.072s] Level 1:colcon.colcon_core.environment:checking '/home/ishara/cpp_pubsub/install/cpp_pubsub/lib'
[20.072s] Level 1:colcon.colcon_core.environment:checking '/home/ishara/cpp_pubsub/install/cpp_pubsub/bin'
[20.072s] Level 1:colcon.colcon_core.environment:checking '/home/ishara/cpp_pubsub/install/cpp_pubsub/lib/pkgconfig/cpp_pubsub.pc'
[20.073s] Level 1:colcon.colcon_core.environment:checking '/home/ishara/cpp_pubsub/install/cpp_pubsub/lib/python3.10/site-packages'
[20.073s] Level 1:colcon.colcon_core.environment:checking '/home/ishara/cpp_pubsub/install/cpp_pubsub/bin'
[20.074s] INFO:colcon.colcon_core.shell:Creating package script '/home/ishara/cpp_pubsub/install/cpp_pubsub/share/cpp_pubsub/package.ps1'
[20.075s] INFO:colcon.colcon_core.shell:Creating package descriptor '/home/ishara/cpp_pubsub/install/cpp_pubsub/share/cpp_pubsub/package.dsv'
[20.076s] INFO:colcon.colcon_core.shell:Creating package script '/home/ishara/cpp_pubsub/install/cpp_pubsub/share/cpp_pubsub/package.sh'
[20.077s] INFO:colcon.colcon_core.shell:Creating package script '/home/ishara/cpp_pubsub/install/cpp_pubsub/share/cpp_pubsub/package.bash'
[20.077s] INFO:colcon.colcon_core.shell:Creating package script '/home/ishara/cpp_pubsub/install/cpp_pubsub/share/cpp_pubsub/package.zsh'
[20.078s] Level 1:colcon.colcon_core.environment:create_file_with_runtime_dependencies(/home/ishara/cpp_pubsub/install/cpp_pubsub/share/colcon-core/packages/cpp_pubsub)
[20.079s] DEBUG:colcon.colcon_parallel_executor.executor.parallel:closing loop
[20.079s] DEBUG:colcon.colcon_parallel_executor.executor.parallel:loop closed
[20.079s] DEBUG:colcon.colcon_parallel_executor.executor.parallel:run_until_complete finished with '0'
[20.080s] DEBUG:colcon.colcon_core.event_reactor:joining thread
[20.088s] INFO:colcon.colcon_core.plugin_system:Skipping extension 'colcon_notification.desktop_notification.terminal_notifier': Not used on non-Darwin systems
[20.088s] INFO:colcon.colcon_core.plugin_system:Skipping extension 'colcon_notification.desktop_notification.win32': Not used on non-Windows systems
[20.088s] INFO:colcon.colcon_notification.desktop_notification:Sending desktop notification using 'notify2'
[20.164s] DEBUG:colcon.colcon_core.event_reactor:joined thread
[20.165s] INFO:colcon.colcon_core.shell:Creating prefix script '/home/ishara/cpp_pubsub/install/local_setup.ps1'
[20.167s] INFO:colcon.colcon_core.shell:Creating prefix util module '/home/ishara/cpp_pubsub/install/_local_setup_util_ps1.py'
[20.169s] INFO:colcon.colcon_core.shell:Creating prefix chain script '/home/ishara/cpp_pubsub/install/setup.ps1'
[20.172s] INFO:colcon.colcon_core.shell:Creating prefix script '/home/ishara/cpp_pubsub/install/local_setup.sh'
[20.173s] INFO:colcon.colcon_core.shell:Creating prefix util module '/home/ishara/cpp_pubsub/install/_local_setup_util_sh.py'
[20.174s] INFO:colcon.colcon_core.shell:Creating prefix chain script '/home/ishara/cpp_pubsub/install/setup.sh'
[20.177s] INFO:colcon.colcon_core.shell:Creating prefix script '/home/ishara/cpp_pubsub/install/local_setup.bash'
[20.178s] INFO:colcon.colcon_core.shell:Creating prefix chain script '/home/ishara/cpp_pubsub/install/setup.bash'
[20.180s] INFO:colcon.colcon_core.shell:Creating prefix script '/home/ishara/cpp_pubsub/install/local_setup.zsh'
[20.181s] INFO:colcon.colcon_core.shell:Creating prefix chain script '/home/ishara/cpp_pubsub/install/setup.zsh'
