-- Found ament_cmake: 1.3.10 (/opt/ros/humble/share/ament_cmake/cmake)
-- Found rclcpp: 16.0.10 (/opt/ros/humble/share/rclcpp/cmake)
-- Found rosidl_generator_c: 3.1.5 (/opt/ros/humble/share/rosidl_generator_c/cmake)
-- Found rosidl_adapter: 3.1.5 (/opt/ros/humble/share/rosidl_adapter/cmake)
-- Found rosidl_generator_cpp: 3.1.5 (/opt/ros/humble/share/rosidl_generator_cpp/cmake)
-- Using all available rosidl_typesupport_c: rosidl_typesupport_fastrtps_c;rosidl_typesupport_introspection_c
-- Using all available rosidl_typesupport_cpp: rosidl_typesupport_fastrtps_cpp;rosidl_typesupport_introspection_cpp
-- Found rmw_implementation_cmake: 6.1.2 (/opt/ros/humble/share/rmw_implementation_cmake/cmake)
-- Found rmw_fastrtps_cpp: 6.2.7 (/opt/ros/humble/share/rmw_fastrtps_cpp/cmake)
-- Using RMW implementation 'rmw_fastrtps_cpp' as default
-- Configuring done
-- Generating done
-- Build files have been written to: /home/ishara/cpp_pubsub/build/cpp_pubsub
[35m[1mConsolidate compiler generated dependencies of target talker[0m
[ 33%] [32mBuilding CXX object CMakeFiles/custom_listener.dir/src/my_subscriber.cpp.o[0m
[ 33%] [32mBuilding CXX object CMakeFiles/custom_talker.dir/src/my_subscriber.cpp.o[0m
[ 33%] [32mBuilding CXX object CMakeFiles/custom_listener.dir/src/sub_main.cpp.o[0m
[ 33%] [32mBuilding CXX object CMakeFiles/custom_talker.dir/src/sub_main.cpp.o[0m
[35m[1mConsolidate compiler generated dependencies of target listener[0m
[ 41%] [32mBuilding CXX object CMakeFiles/talker.dir/src/my_publisher.cpp.o[0m
[ 50%] [32mBuilding CXX object CMakeFiles/listener.dir/src/my_subscriber.cpp.o[0m
[ 58%] [32mBuilding CXX object CMakeFiles/listener.dir/src/sub_main.cpp.o[0m
[ 66%] [32mBuilding CXX object CMakeFiles/talker.dir/src/pub_main.cpp.o[0m
[ 75%] [32m[1mLinking CXX executable talker[0m
[ 75%] Built target talker
[ 83%] [32m[1mLinking CXX executable custom_listener[0m
[ 91%] [32m[1mLinking CXX executable custom_talker[0m
[ 91%] Built target custom_listener
[100%] [32m[1mLinking CXX executable listener[0m
[100%] Built target custom_talker
[100%] Built target listener
-- Install configuration: ""
-- Installing: /home/ishara/cpp_pubsub/install/cpp_pubsub/lib/cpp_pubsub/talker
-- Set runtime path of "/home/ishara/cpp_pubsub/install/cpp_pubsub/lib/cpp_pubsub/talker" to ""
-- Installing: /home/ishara/cpp_pubsub/install/cpp_pubsub/lib/cpp_pubsub/listener
-- Set runtime path of "/home/ishara/cpp_pubsub/install/cpp_pubsub/lib/cpp_pubsub/listener" to ""
-- Installing: /home/ishara/cpp_pubsub/install/cpp_pubsub/lib/cpp_pubsub/custom_talker
-- Set runtime path of "/home/ishara/cpp_pubsub/install/cpp_pubsub/lib/cpp_pubsub/custom_talker" to ""
-- Installing: /home/ishara/cpp_pubsub/install/cpp_pubsub/lib/cpp_pubsub/custom_listener
-- Set runtime path of "/home/ishara/cpp_pubsub/install/cpp_pubsub/lib/cpp_pubsub/custom_listener" to ""
-- Up-to-date: /home/ishara/cpp_pubsub/install/cpp_pubsub/share/ament_index/resource_index/package_run_dependencies/cpp_pubsub
-- Installing: /home/ishara/cpp_pubsub/install/cpp_pubsub/share/ament_index/resource_index/parent_prefix_path/cpp_pubsub
-- Up-to-date: /home/ishara/cpp_pubsub/install/cpp_pubsub/share/cpp_pubsub/environment/ament_prefix_path.sh
-- Installing: /home/ishara/cpp_pubsub/install/cpp_pubsub/share/cpp_pubsub/environment/ament_prefix_path.dsv
-- Up-to-date: /home/ishara/cpp_pubsub/install/cpp_pubsub/share/cpp_pubsub/environment/path.sh
-- Installing: /home/ishara/cpp_pubsub/install/cpp_pubsub/share/cpp_pubsub/environment/path.dsv
-- Up-to-date: /home/ishara/cpp_pubsub/install/cpp_pubsub/share/cpp_pubsub/local_setup.bash
-- Up-to-date: /home/ishara/cpp_pubsub/install/cpp_pubsub/share/cpp_pubsub/local_setup.sh
-- Up-to-date: /home/ishara/cpp_pubsub/install/cpp_pubsub/share/cpp_pubsub/local_setup.zsh
-- Installing: /home/ishara/cpp_pubsub/install/cpp_pubsub/share/cpp_pubsub/local_setup.dsv
-- Installing: /home/ishara/cpp_pubsub/install/cpp_pubsub/share/cpp_pubsub/package.dsv
-- Up-to-date: /home/ishara/cpp_pubsub/install/cpp_pubsub/share/ament_index/resource_index/packages/cpp_pubsub
-- Up-to-date: /home/ishara/cpp_pubsub/install/cpp_pubsub/share/cpp_pubsub/cmake/cpp_pubsubConfig.cmake
-- Up-to-date: /home/ishara/cpp_pubsub/install/cpp_pubsub/share/cpp_pubsub/cmake/cpp_pubsubConfig-version.cmake
-- Up-to-date: /home/ishara/cpp_pubsub/install/cpp_pubsub/share/cpp_pubsub/package.xml
